2019-04-11 13:41:31> Program: Starting Squirrel Updater: --createShortcut=Postman.exe
2019-04-11 13:41:31> ApplyReleasesImpl: About to create shortcuts for Postman.exe, rootAppDir C:\Users\George Spooner\AppData\Local\Postman
2019-04-11 13:41:32> ApplyReleasesImpl: Creating shortcut for Postman.exe => \\NTFNVF01\George SPOONER$\Win7ProfileFolders\Start Menu\Programs\Postman\Postman.lnk
2019-04-11 13:41:33> ApplyReleasesImpl: About to save shortcut: \\NTFNVF01\George SPOONER$\Win7ProfileFolders\Start Menu\Programs\Postman\Postman.lnk (target C:\Users\George Spooner\AppData\Local\Postman\Update.exe, workingDir C:\Users\George Spooner\AppData\Local\Postman\app-7.0.7, args --processStart "Postman.exe")
2019-04-11 13:41:33> ApplyReleasesImpl: Creating shortcut for Postman.exe => \\NTFNVF01\George SPOONER$\Win7ProfileFolders\Desktop\Postman.lnk
2019-04-11 13:41:33> ApplyReleasesImpl: About to save shortcut: \\NTFNVF01\George SPOONER$\Win7ProfileFolders\Desktop\Postman.lnk (target C:\Users\George Spooner\AppData\Local\Postman\Update.exe, workingDir C:\Users\George Spooner\AppData\Local\Postman\app-7.0.7, args --processStart "Postman.exe")
2019-04-11 13:41:33> ApplyReleasesImpl: Examining Pin: Internet Explorer.lnk
2019-04-11 13:41:34> ApplyReleasesImpl: Examining Pin: Windows Explorer.lnk
2019-04-11 13:41:34> ApplyReleasesImpl: Examining Pin: Windows Media Player.lnk
2019-04-12 13:42:12> Program: Starting Squirrel Updater: --checkForUpdate https://dl.pstmn.io/update/WIN64/7.0.7/stable?installationId=285ad095-4d3f-4679-a84d-442f878068d4&userId=7069976&syncEnabled=true&teamPlan=
2019-04-12 13:42:12> Program: Fetching update information, downloading from https://dl.pstmn.io/update/WIN64/7.0.7/stable?installationId=285ad095-4d3f-4679-a84d-442f878068d4&userId=7069976&syncEnabled=true&teamPlan=
2019-04-12 13:42:12> CheckForUpdateImpl: Generated new staging user ID: f0d20e09-ac70-5758-8fb2-6215324f39d1
2019-04-12 13:42:12> CheckForUpdateImpl: Downloading RELEASES file from https://dl.pstmn.io/update/WIN64/7.0.7/stable?installationId=285ad095-4d3f-4679-a84d-442f878068d4&userId=7069976&syncEnabled=true&teamPlan=
2019-04-12 13:42:13> FileDownloader: Downloading url: https://dl.pstmn.io/update/WIN64/7.0.7/stable/RELEASES?installationId=285ad095-4d3f-4679-a84d-442f878068d4&userId=7069976&syncEnabled=true&teamPlan=&id=Postman&localVersion=7.0.7&arch=amd64
2019-04-12 13:42:13> UpdateInfo: Couldn't get release notes for:Postman-win64-7.0.8-delta.nupkg: System.IO.FileNotFoundException: Could not find file 'C:\Users\George Spooner\AppData\Local\Postman\packages\Postman-win64-7.0.8-delta.nupkg'.
File name: 'C:\Users\George Spooner\AppData\Local\Postman\packages\Postman-win64-7.0.8-delta.nupkg'
   at System.IO.__Error.WinIOError(Int32 errorCode, String maybeFullPath)
   at System.IO.FileStream.Init(String path, FileMode mode, FileAccess access, Int32 rights, Boolean useRights, FileShare share, Int32 bufferSize, FileOptions options, SECURITY_ATTRIBUTES secAttrs, String msgPath, Boolean bFromProxy, Boolean useLongPath, Boolean checkHost)
   at System.IO.FileStream..ctor(String path, FileMode mode, FileAccess access, FileShare share)
   at NuGet.ZipPackage.<>c__DisplayClass9_0.<.ctor>b__0()
   at NuGet.ZipPackage.EnsureManifest()
   at NuGet.ZipPackage..ctor(String filePath, Boolean enableCaching)
   at Squirrel.ReleaseEntry.GetReleaseNotes(String packageDirectory)
   at Squirrel.UpdateInfo.<FetchReleaseNotes>b__19_0(ReleaseEntry x)
2019-04-12 13:42:14> Program: Starting Squirrel Updater: --update https://dl.pstmn.io/update/WIN64/7.0.7/stable?installationId=285ad095-4d3f-4679-a84d-442f878068d4&userId=7069976&syncEnabled=true&teamPlan=
2019-04-12 13:42:14> Program: Starting update, downloading from https://dl.pstmn.io/update/WIN64/7.0.7/stable?installationId=285ad095-4d3f-4679-a84d-442f878068d4&userId=7069976&syncEnabled=true&teamPlan=
2019-04-12 13:42:14> Program: About to update to: C:\Users\George Spooner\AppData\Local\Postman
2019-04-12 13:42:14> CheckForUpdateImpl: Using existing staging user ID: f0d20e09-ac70-5758-8fb2-6215324f39d1
2019-04-12 13:42:14> CheckForUpdateImpl: Downloading RELEASES file from https://dl.pstmn.io/update/WIN64/7.0.7/stable?installationId=285ad095-4d3f-4679-a84d-442f878068d4&userId=7069976&syncEnabled=true&teamPlan=
2019-04-12 13:42:14> FileDownloader: Downloading url: https://dl.pstmn.io/update/WIN64/7.0.7/stable/RELEASES?installationId=285ad095-4d3f-4679-a84d-442f878068d4&userId=7069976&syncEnabled=true&teamPlan=&id=Postman&localVersion=7.0.7&arch=amd64
2019-04-12 13:42:14> FileDownloader: Downloading file: https://dl.pstmn.io/download/7.0.8/Postman-win64-7.0.8-delta.nupkg
2019-04-12 13:42:25> DeltaPackageBuilder: lib\net45\api-ms-win-core-console-l1-1-0.dll.diff exists unchanged, skipping
2019-04-12 13:42:25> DeltaPackageBuilder: lib\net45\api-ms-win-core-datetime-l1-1-0.dll.diff exists unchanged, skipping
2019-04-12 13:42:25> DeltaPackageBuilder: lib\net45\api-ms-win-core-debug-l1-1-0.dll.diff exists unchanged, skipping
2019-04-12 13:42:25> DeltaPackageBuilder: lib\net45\api-ms-win-core-errorhandling-l1-1-0.dll.diff exists unchanged, skipping
2019-04-12 13:42:25> DeltaPackageBuilder: lib\net45\api-ms-win-core-file-l1-1-0.dll.diff exists unchanged, skipping
2019-04-12 13:42:25> DeltaPackageBuilder: lib\net45\api-ms-win-core-file-l1-2-0.dll.diff exists unchanged, skipping
2019-04-12 13:42:25> DeltaPackageBuilder: lib\net45\api-ms-win-core-file-l2-1-0.dll.diff exists unchanged, skipping
2019-04-12 13:42:25> DeltaPackageBuilder: lib\net45\api-ms-win-core-handle-l1-1-0.dll.diff exists unchanged, skipping
2019-04-12 13:42:25> DeltaPackageBuilder: lib\net45\api-ms-win-core-heap-l1-1-0.dll.diff exists unchanged, skipping
2019-04-12 13:42:25> DeltaPackageBuilder: lib\net45\api-ms-win-core-interlocked-l1-1-0.dll.diff exists unchanged, skipping
2019-04-12 13:42:25> DeltaPackageBuilder: lib\net45\api-ms-win-core-libraryloader-l1-1-0.dll.diff exists unchanged, skipping
2019-04-12 13:42:25> DeltaPackageBuilder: lib\net45\api-ms-win-core-localization-l1-2-0.dll.diff exists unchanged, skipping
2019-04-12 13:42:25> DeltaPackageBuilder: lib\net45\api-ms-win-core-memory-l1-1-0.dll.diff exists unchanged, skipping
2019-04-12 13:42:25> DeltaPackageBuilder: lib\net45\api-ms-win-core-namedpipe-l1-1-0.dll.diff exists unchanged, skipping
2019-04-12 13:42:25> DeltaPackageBuilder: lib\net45\api-ms-win-core-processenvironment-l1-1-0.dll.diff exists unchanged, skipping
2019-04-12 13:42:25> DeltaPackageBuilder: lib\net45\api-ms-win-core-processthreads-l1-1-0.dll.diff exists unchanged, skipping
2019-04-12 13:42:25> DeltaPackageBuilder: lib\net45\api-ms-win-core-processthreads-l1-1-1.dll.diff exists unchanged, skipping
2019-04-12 13:42:25> DeltaPackageBuilder: lib\net45\api-ms-win-core-profile-l1-1-0.dll.diff exists unchanged, skipping
2019-04-12 13:42:25> DeltaPackageBuilder: lib\net45\api-ms-win-core-rtlsupport-l1-1-0.dll.diff exists unchanged, skipping
2019-04-12 13:42:25> DeltaPackageBuilder: lib\net45\api-ms-win-core-string-l1-1-0.dll.diff exists unchanged, skipping
2019-04-12 13:42:25> DeltaPackageBuilder: lib\net45\api-ms-win-core-synch-l1-1-0.dll.diff exists unchanged, skipping
2019-04-12 13:42:25> DeltaPackageBuilder: lib\net45\api-ms-win-core-synch-l1-2-0.dll.diff exists unchanged, skipping
2019-04-12 13:42:25> DeltaPackageBuilder: lib\net45\api-ms-win-core-sysinfo-l1-1-0.dll.diff exists unchanged, skipping
2019-04-12 13:42:25> DeltaPackageBuilder: lib\net45\api-ms-win-core-timezone-l1-1-0.dll.diff exists unchanged, skipping
2019-04-12 13:42:25> DeltaPackageBuilder: lib\net45\api-ms-win-core-util-l1-1-0.dll.diff exists unchanged, skipping
2019-04-12 13:42:25> DeltaPackageBuilder: lib\net45\api-ms-win-crt-conio-l1-1-0.dll.diff exists unchanged, skipping
2019-04-12 13:42:25> DeltaPackageBuilder: lib\net45\api-ms-win-crt-convert-l1-1-0.dll.diff exists unchanged, skipping
2019-04-12 13:42:25> DeltaPackageBuilder: lib\net45\api-ms-win-crt-environment-l1-1-0.dll.diff exists unchanged, skipping
2019-04-12 13:42:25> DeltaPackageBuilder: lib\net45\api-ms-win-crt-filesystem-l1-1-0.dll.diff exists unchanged, skipping
2019-04-12 13:42:25> DeltaPackageBuilder: lib\net45\api-ms-win-crt-heap-l1-1-0.dll.diff exists unchanged, skipping
2019-04-12 13:42:25> DeltaPackageBuilder: lib\net45\api-ms-win-crt-locale-l1-1-0.dll.diff exists unchanged, skipping
2019-04-12 13:42:25> DeltaPackageBuilder: lib\net45\api-ms-win-crt-math-l1-1-0.dll.diff exists unchanged, skipping
2019-04-12 13:42:25> DeltaPackageBuilder: lib\net45\api-ms-win-crt-multibyte-l1-1-0.dll.diff exists unchanged, skipping
2019-04-12 13:42:25> DeltaPackageBuilder: lib\net45\api-ms-win-crt-private-l1-1-0.dll.diff exists unchanged, skipping
2019-04-12 13:42:25> DeltaPackageBuilder: lib\net45\api-ms-win-crt-process-l1-1-0.dll.diff exists unchanged, skipping
2019-04-12 13:42:25> DeltaPackageBuilder: lib\net45\api-ms-win-crt-runtime-l1-1-0.dll.diff exists unchanged, skipping
2019-04-12 13:42:25> DeltaPackageBuilder: lib\net45\api-ms-win-crt-stdio-l1-1-0.dll.diff exists unchanged, skipping
2019-04-12 13:42:25> DeltaPackageBuilder: lib\net45\api-ms-win-crt-string-l1-1-0.dll.diff exists unchanged, skipping
2019-04-12 13:42:25> DeltaPackageBuilder: lib\net45\api-ms-win-crt-time-l1-1-0.dll.diff exists unchanged, skipping
2019-04-12 13:42:25> DeltaPackageBuilder: lib\net45\api-ms-win-crt-utility-l1-1-0.dll.diff exists unchanged, skipping
2019-04-12 13:42:25> DeltaPackageBuilder: lib\net45\blink_image_resources_200_percent.pak.diff exists unchanged, skipping
2019-04-12 13:42:25> DeltaPackageBuilder: lib\net45\content_resources_200_percent.pak.diff exists unchanged, skipping
2019-04-12 13:42:25> DeltaPackageBuilder: lib\net45\content_shell.pak.diff exists unchanged, skipping
2019-04-12 13:42:25> DeltaPackageBuilder: lib\net45\d3dcompiler_47.dll.diff exists unchanged, skipping
2019-04-12 13:42:25> DeltaPackageBuilder: lib\net45\ffmpeg.dll.diff exists unchanged, skipping
2019-04-12 13:42:25> DeltaPackageBuilder: lib\net45\icudtl.dat.diff exists unchanged, skipping
2019-04-12 13:42:25> DeltaPackageBuilder: lib\net45\libEGL.dll.diff exists unchanged, skipping
2019-04-12 13:42:25> DeltaPackageBuilder: lib\net45\libGLESv2.dll.diff exists unchanged, skipping
2019-04-12 13:42:25> DeltaPackageBuilder: lib\net45\LICENSE.diff exists unchanged, skipping
2019-04-12 13:42:25> DeltaPackageBuilder: lib\net45\msvcp140.dll.diff exists unchanged, skipping
2019-04-12 13:42:25> DeltaPackageBuilder: lib\net45\natives_blob.bin.diff exists unchanged, skipping
2019-04-12 13:42:25> DeltaPackageBuilder: lib\net45\node.dll.diff exists unchanged, skipping
2019-04-12 13:42:25> DeltaPackageBuilder: lib\net45\pdf_viewer_resources.pak.diff exists unchanged, skipping
2019-04-12 13:42:25> DeltaPackageBuilder: Applying BSDiff to lib\net45\Postman.exe.bsdiff
2019-04-12 13:42:32> DeltaPackageBuilder: lib\net45\snapshot_blob.bin.diff exists unchanged, skipping
2019-04-12 13:42:32> DeltaPackageBuilder: Applying MSDiff to lib\net45\squirrel.exe.diff
2019-04-12 13:42:32> DeltaPackageBuilder: lib\net45\ucrtbase.dll.diff exists unchanged, skipping
2019-04-12 13:42:32> DeltaPackageBuilder: lib\net45\ui_resources_200_percent.pak.diff exists unchanged, skipping
2019-04-12 13:42:32> DeltaPackageBuilder: lib\net45\vcruntime140.dll.diff exists unchanged, skipping
2019-04-12 13:42:32> DeltaPackageBuilder: lib\net45\views_resources_200_percent.pak.diff exists unchanged, skipping
2019-04-12 13:42:32> DeltaPackageBuilder: lib\net45\locales\am.pak.diff exists unchanged, skipping
2019-04-12 13:42:32> DeltaPackageBuilder: lib\net45\locales\ar.pak.diff exists unchanged, skipping
2019-04-12 13:42:32> DeltaPackageBuilder: lib\net45\locales\bg.pak.diff exists unchanged, skipping
2019-04-12 13:42:32> DeltaPackageBuilder: lib\net45\locales\bn.pak.diff exists unchanged, skipping
2019-04-12 13:42:32> DeltaPackageBuilder: lib\net45\locales\ca.pak.diff exists unchanged, skipping
2019-04-12 13:42:32> DeltaPackageBuilder: lib\net45\locales\cs.pak.diff exists unchanged, skipping
2019-04-12 13:42:32> DeltaPackageBuilder: lib\net45\locales\da.pak.diff exists unchanged, skipping
2019-04-12 13:42:32> DeltaPackageBuilder: lib\net45\locales\de.pak.diff exists unchanged, skipping
2019-04-12 13:42:32> DeltaPackageBuilder: lib\net45\locales\el.pak.diff exists unchanged, skipping
2019-04-12 13:42:32> DeltaPackageBuilder: lib\net45\locales\en-GB.pak.diff exists unchanged, skipping
2019-04-12 13:42:32> DeltaPackageBuilder: lib\net45\locales\en-US.pak.diff exists unchanged, skipping
2019-04-12 13:42:32> DeltaPackageBuilder: lib\net45\locales\es-419.pak.diff exists unchanged, skipping
2019-04-12 13:42:32> DeltaPackageBuilder: lib\net45\locales\es.pak.diff exists unchanged, skipping
2019-04-12 13:42:32> DeltaPackageBuilder: lib\net45\locales\et.pak.diff exists unchanged, skipping
2019-04-12 13:42:32> DeltaPackageBuilder: lib\net45\locales\fa.pak.diff exists unchanged, skipping
2019-04-12 13:42:32> DeltaPackageBuilder: lib\net45\locales\fake-bidi.pak.diff exists unchanged, skipping
2019-04-12 13:42:32> DeltaPackageBuilder: lib\net45\locales\fi.pak.diff exists unchanged, skipping
2019-04-12 13:42:32> DeltaPackageBuilder: lib\net45\locales\fil.pak.diff exists unchanged, skipping
2019-04-12 13:42:32> DeltaPackageBuilder: lib\net45\locales\fr.pak.diff exists unchanged, skipping
2019-04-12 13:42:32> DeltaPackageBuilder: lib\net45\locales\gu.pak.diff exists unchanged, skipping
2019-04-12 13:42:32> DeltaPackageBuilder: lib\net45\locales\he.pak.diff exists unchanged, skipping
2019-04-12 13:42:32> DeltaPackageBuilder: lib\net45\locales\hi.pak.diff exists unchanged, skipping
2019-04-12 13:42:32> DeltaPackageBuilder: lib\net45\locales\hr.pak.diff exists unchanged, skipping
2019-04-12 13:42:32> DeltaPackageBuilder: lib\net45\locales\hu.pak.diff exists unchanged, skipping
2019-04-12 13:42:32> DeltaPackageBuilder: lib\net45\locales\id.pak.diff exists unchanged, skipping
2019-04-12 13:42:32> DeltaPackageBuilder: lib\net45\locales\it.pak.diff exists unchanged, skipping
2019-04-12 13:42:32> DeltaPackageBuilder: lib\net45\locales\ja.pak.diff exists unchanged, skipping
2019-04-12 13:42:32> DeltaPackageBuilder: lib\net45\locales\kn.pak.diff exists unchanged, skipping
2019-04-12 13:42:32> DeltaPackageBuilder: lib\net45\locales\ko.pak.diff exists unchanged, skipping
2019-04-12 13:42:32> DeltaPackageBuilder: lib\net45\locales\lt.pak.diff exists unchanged, skipping
2019-04-12 13:42:32> DeltaPackageBuilder: lib\net45\locales\lv.pak.diff exists unchanged, skipping
2019-04-12 13:42:32> DeltaPackageBuilder: lib\net45\locales\ml.pak.diff exists unchanged, skipping
2019-04-12 13:42:32> DeltaPackageBuilder: lib\net45\locales\mr.pak.diff exists unchanged, skipping
2019-04-12 13:42:32> DeltaPackageBuilder: lib\net45\locales\ms.pak.diff exists unchanged, skipping
2019-04-12 13:42:32> DeltaPackageBuilder: lib\net45\locales\nb.pak.diff exists unchanged, skipping
2019-04-12 13:42:32> DeltaPackageBuilder: lib\net45\locales\nl.pak.diff exists unchanged, skipping
2019-04-12 13:42:32> DeltaPackageBuilder: lib\net45\locales\pl.pak.diff exists unchanged, skipping
2019-04-12 13:42:32> DeltaPackageBuilder: lib\net45\locales\pt-BR.pak.diff exists unchanged, skipping
2019-04-12 13:42:32> DeltaPackageBuilder: lib\net45\locales\pt-PT.pak.diff exists unchanged, skipping
2019-04-12 13:42:32> DeltaPackageBuilder: lib\net45\locales\ro.pak.diff exists unchanged, skipping
2019-04-12 13:42:32> DeltaPackageBuilder: lib\net45\locales\ru.pak.diff exists unchanged, skipping
2019-04-12 13:42:32> DeltaPackageBuilder: lib\net45\locales\sk.pak.diff exists unchanged, skipping
2019-04-12 13:42:32> DeltaPackageBuilder: lib\net45\locales\sl.pak.diff exists unchanged, skipping
2019-04-12 13:42:32> DeltaPackageBuilder: lib\net45\locales\sr.pak.diff exists unchanged, skipping
2019-04-12 13:42:32> DeltaPackageBuilder: lib\net45\locales\sv.pak.diff exists unchanged, skipping
2019-04-12 13:42:32> DeltaPackageBuilder: lib\net45\locales\sw.pak.diff exists unchanged, skipping
2019-04-12 13:42:32> DeltaPackageBuilder: lib\net45\locales\ta.pak.diff exists unchanged, skipping
2019-04-12 13:42:32> DeltaPackageBuilder: lib\net45\locales\te.pak.diff exists unchanged, skipping
2019-04-12 13:42:32> DeltaPackageBuilder: lib\net45\locales\th.pak.diff exists unchanged, skipping
2019-04-12 13:42:32> DeltaPackageBuilder: lib\net45\locales\tr.pak.diff exists unchanged, skipping
2019-04-12 13:42:32> DeltaPackageBuilder: lib\net45\locales\uk.pak.diff exists unchanged, skipping
2019-04-12 13:42:32> DeltaPackageBuilder: lib\net45\locales\vi.pak.diff exists unchanged, skipping
2019-04-12 13:42:32> DeltaPackageBuilder: lib\net45\locales\zh-CN.pak.diff exists unchanged, skipping
2019-04-12 13:42:32> DeltaPackageBuilder: lib\net45\locales\zh-TW.pak.diff exists unchanged, skipping
2019-04-12 13:42:33> DeltaPackageBuilder: Applying BSDiff to lib\net45\resources\app.asar.bsdiff
2019-04-12 13:42:41> DeltaPackageBuilder: lib\net45\resources\electron.asar.diff exists unchanged, skipping
2019-04-12 13:42:41> DeltaPackageBuilder: Updating metadata file: Postman.nuspec
2019-04-12 13:42:41> DeltaPackageBuilder: Updating metadata file: [Content_Types].xml
2019-04-12 13:42:41> DeltaPackageBuilder: Updating metadata file: package\services\metadata\core-properties\c140991c06ce45248e43268c0a5565e4.psmdcp
2019-04-12 13:42:41> DeltaPackageBuilder: Updating metadata file: _rels\.rels
2019-04-12 13:42:41> DeltaPackageBuilder: Repacking into full package: C:\Users\George Spooner\AppData\Local\Postman\packages\Postman-win64-7.0.8.nupkg
2019-04-12 13:43:26> ApplyReleasesImpl: Writing files to app directory: C:\Users\George Spooner\AppData\Local\Postman\app-7.0.8
2019-04-12 13:43:40> ApplyReleasesImpl: Squirrel Enabled Apps: [C:\Users\George Spooner\AppData\Local\Postman\app-7.0.8\Postman.exe]
2019-04-12 13:43:57> ApplyReleasesImpl: Couldn't run Squirrel hook, continuing: C:\Users\George Spooner\AppData\Local\Postman\app-7.0.8\Postman.exe: System.OperationCanceledException: The operation was canceled.
   at System.Threading.CancellationToken.ThrowOperationCanceledException()
   at Squirrel.Utility.<>c__DisplayClass11_0.<InvokeProcessAsync>b__0()
   at System.Threading.Tasks.Task.InnerInvoke()
   at System.Threading.Tasks.Task.Execute()
--- End of stack trace from previous location where exception was thrown ---
   at System.Runtime.CompilerServices.TaskAwaiter.ThrowForNonSuccess(Task task)
   at System.Runtime.CompilerServices.TaskAwaiter.HandleNonSuccessAndDebuggerNotification(Task task)
   at Squirrel.Utility.<InvokeProcessAsync>d__11.MoveNext()
--- End of stack trace from previous location where exception was thrown ---
   at System.Runtime.CompilerServices.TaskAwaiter.ThrowForNonSuccess(Task task)
   at System.Runtime.CompilerServices.TaskAwaiter.HandleNonSuccessAndDebuggerNotification(Task task)
   at Squirrel.UpdateManager.ApplyReleasesImpl.<>c__DisplayClass10_0.<<invokePostInstall>b__0>d.MoveNext()
2019-04-12 13:43:57> ApplyReleasesImpl: Starting fixPinnedExecutables
2019-04-12 13:43:57> ApplyReleasesImpl: Examining Pin: Internet Explorer.lnk
2019-04-12 13:43:57> ApplyReleasesImpl: Examining Pin: Windows Explorer.lnk
2019-04-12 13:43:57> ApplyReleasesImpl: Examining Pin: Windows Media Player.lnk
2019-04-12 13:43:57> ApplyReleasesImpl: Fixing up tray icons
2019-04-12 13:43:57> ApplyReleasesImpl: Couldn't rewrite shim RegKey, most likely no apps are shimmed: System.NullReferenceException: Object reference not set to an instance of an object.
   at Squirrel.UpdateManager.ApplyReleasesImpl.<unshimOurselves>b__13_0(RegistryView view)
2019-04-12 13:43:57> ApplyReleasesImpl: Couldn't rewrite shim RegKey, most likely no apps are shimmed: System.NullReferenceException: Object reference not set to an instance of an object.
   at Squirrel.UpdateManager.ApplyReleasesImpl.<unshimOurselves>b__13_0(RegistryView view)
2019-04-12 13:43:57> ApplyReleasesImpl: cleanDeadVersions: for version 7.0.8
2019-04-12 13:43:57> ApplyReleasesImpl: cleanDeadVersions: exclude folder app-7.0.7
2019-04-12 13:43:57> ApplyReleasesImpl: cleanDeadVersions: exclude folder app-7.0.8
2019-04-12 13:43:58> InstallHelperImpl: Couldn't write uninstall icon, don't care: System.Net.WebException: Could not find a part of the path 'C:\Users\Administrator\buildkite-agent\builds\win-build\postman\app-package-and-deploy\resources\postman-prod.ico'. ---> System.Net.WebException: Could not find a part of the path 'C:\Users\Administrator\buildkite-agent\builds\win-build\postman\app-package-and-deploy\resources\postman-prod.ico'. ---> System.IO.DirectoryNotFoundException: Could not find a part of the path 'C:\Users\Administrator\buildkite-agent\builds\win-build\postman\app-package-and-deploy\resources\postman-prod.ico'.
   at System.IO.__Error.WinIOError(Int32 errorCode, String maybeFullPath)
   at System.IO.FileStream.Init(String path, FileMode mode, FileAccess access, Int32 rights, Boolean useRights, FileShare share, Int32 bufferSize, FileOptions options, SECURITY_ATTRIBUTES secAttrs, String msgPath, Boolean bFromProxy, Boolean useLongPath, Boolean checkHost)
   at System.IO.FileStream..ctor(String path, FileMode mode, FileAccess access, FileShare share, Int32 bufferSize, FileOptions options, String msgPath, Boolean bFromProxy)
   at System.Net.FileWebStream..ctor(FileWebRequest request, String path, FileMode mode, FileAccess access, FileShare sharing, Int32 length, Boolean async)
   at System.Net.FileWebResponse..ctor(FileWebRequest request, Uri uri, FileAccess access, Boolean asyncHint)
   --- End of inner exception stack trace ---
   at System.Net.FileWebResponse..ctor(FileWebRequest request, Uri uri, FileAccess access, Boolean asyncHint)
   at System.Net.FileWebRequest.GetResponseCallback(Object state)
   --- End of inner exception stack trace ---
   at System.Net.FileWebRequest.EndGetResponse(IAsyncResult asyncResult)
   at System.Net.WebClient.GetWebResponse(WebRequest request, IAsyncResult result)
   at System.Net.WebClient.DownloadBitsResponseCallback(IAsyncResult result)
--- End of stack trace from previous location where exception was thrown ---
   at System.Runtime.CompilerServices.TaskAwaiter.ThrowForNonSuccess(Task task)
   at System.Runtime.CompilerServices.TaskAwaiter.HandleNonSuccessAndDebuggerNotification(Task task)
   at System.Runtime.CompilerServices.TaskAwaiter.ValidateEnd(Task task)
   at Squirrel.UpdateManager.InstallHelperImpl.<CreateUninstallerRegistryEntry>d__5.MoveNext()
2019-05-21 13:12:02> Program: Starting Squirrel Updater: --processStart Postman.exe
2019-05-21 13:12:03> Program: Want to launch 'C:\Users\George Spooner\AppData\Local\Postman\app-7.0.8\Postman.exe'
2019-05-21 13:12:03> Program: About to launch: 'C:\Users\George Spooner\AppData\Local\Postman\app-7.0.8\Postman.exe': 
2019-05-21 13:12:29> Program: Starting Squirrel Updater: --processStart Postman.exe
2019-05-21 13:12:29> Program: Want to launch 'C:\Users\George Spooner\AppData\Local\Postman\app-7.0.8\Postman.exe'
2019-05-21 13:12:29> Program: About to launch: 'C:\Users\George Spooner\AppData\Local\Postman\app-7.0.8\Postman.exe': 
2019-05-21 13:13:36> Program: Starting Squirrel Updater: --checkForUpdate https://dl.pstmn.io/update/WIN64/7.0.8/stable?installationId=285ad095-4d3f-4679-a84d-442f878068d4&userId=7069976&syncEnabled=true&teamPlan=
2019-05-21 13:13:36> Program: Fetching update information, downloading from https://dl.pstmn.io/update/WIN64/7.0.8/stable?installationId=285ad095-4d3f-4679-a84d-442f878068d4&userId=7069976&syncEnabled=true&teamPlan=
2019-05-21 13:13:36> CheckForUpdateImpl: Using existing staging user ID: f0d20e09-ac70-5758-8fb2-6215324f39d1
2019-05-21 13:13:36> CheckForUpdateImpl: Downloading RELEASES file from https://dl.pstmn.io/update/WIN64/7.0.8/stable?installationId=285ad095-4d3f-4679-a84d-442f878068d4&userId=7069976&syncEnabled=true&teamPlan=
2019-05-21 13:13:37> FileDownloader: Downloading url: https://dl.pstmn.io/update/WIN64/7.0.8/stable/RELEASES?installationId=285ad095-4d3f-4679-a84d-442f878068d4&userId=7069976&syncEnabled=true&teamPlan=&id=Postman&localVersion=7.0.8&arch=amd64
2019-05-21 13:13:37> UpdateInfo: Couldn't get release notes for:Postman-win64-7.0.9-delta.nupkg: System.IO.FileNotFoundException: Could not find file 'C:\Users\George Spooner\AppData\Local\Postman\packages\Postman-win64-7.0.9-delta.nupkg'.
File name: 'C:\Users\George Spooner\AppData\Local\Postman\packages\Postman-win64-7.0.9-delta.nupkg'
   at System.IO.__Error.WinIOError(Int32 errorCode, String maybeFullPath)
   at System.IO.FileStream.Init(String path, FileMode mode, FileAccess access, Int32 rights, Boolean useRights, FileShare share, Int32 bufferSize, FileOptions options, SECURITY_ATTRIBUTES secAttrs, String msgPath, Boolean bFromProxy, Boolean useLongPath, Boolean checkHost)
   at System.IO.FileStream..ctor(String path, FileMode mode, FileAccess access, FileShare share)
   at NuGet.ZipPackage.<>c__DisplayClass9_0.<.ctor>b__0()
   at NuGet.ZipPackage.EnsureManifest()
   at NuGet.ZipPackage..ctor(String filePath, Boolean enableCaching)
   at Squirrel.ReleaseEntry.GetReleaseNotes(String packageDirectory)
   at Squirrel.UpdateInfo.<FetchReleaseNotes>b__19_0(ReleaseEntry x)
2019-05-21 13:13:37> UpdateInfo: Couldn't get release notes for:Postman-win64-7.1.0-delta.nupkg: System.IO.FileNotFoundException: Could not find file 'C:\Users\George Spooner\AppData\Local\Postman\packages\Postman-win64-7.1.0-delta.nupkg'.
File name: 'C:\Users\George Spooner\AppData\Local\Postman\packages\Postman-win64-7.1.0-delta.nupkg'
   at System.IO.__Error.WinIOError(Int32 errorCode, String maybeFullPath)
   at System.IO.FileStream.Init(String path, FileMode mode, FileAccess access, Int32 rights, Boolean useRights, FileShare share, Int32 bufferSize, FileOptions options, SECURITY_ATTRIBUTES secAttrs, String msgPath, Boolean bFromProxy, Boolean useLongPath, Boolean checkHost)
   at System.IO.FileStream..ctor(String path, FileMode mode, FileAccess access, FileShare share)
   at NuGet.ZipPackage.<>c__DisplayClass9_0.<.ctor>b__0()
   at NuGet.ZipPackage.EnsureManifest()
   at NuGet.ZipPackage..ctor(String filePath, Boolean enableCaching)
   at Squirrel.ReleaseEntry.GetReleaseNotes(String packageDirectory)
   at Squirrel.UpdateInfo.<FetchReleaseNotes>b__19_0(ReleaseEntry x)
2019-05-21 13:13:37> UpdateInfo: Couldn't get release notes for:Postman-win64-7.1.1-delta.nupkg: System.IO.FileNotFoundException: Could not find file 'C:\Users\George Spooner\AppData\Local\Postman\packages\Postman-win64-7.1.1-delta.nupkg'.
File name: 'C:\Users\George Spooner\AppData\Local\Postman\packages\Postman-win64-7.1.1-delta.nupkg'
   at System.IO.__Error.WinIOError(Int32 errorCode, String maybeFullPath)
   at System.IO.FileStream.Init(String path, FileMode mode, FileAccess access, Int32 rights, Boolean useRights, FileShare share, Int32 bufferSize, FileOptions options, SECURITY_ATTRIBUTES secAttrs, String msgPath, Boolean bFromProxy, Boolean useLongPath, Boolean checkHost)
   at System.IO.FileStream..ctor(String path, FileMode mode, FileAccess access, FileShare share)
   at NuGet.ZipPackage.<>c__DisplayClass9_0.<.ctor>b__0()
   at NuGet.ZipPackage.EnsureManifest()
   at NuGet.ZipPackage..ctor(String filePath, Boolean enableCaching)
   at Squirrel.ReleaseEntry.GetReleaseNotes(String packageDirectory)
   at Squirrel.UpdateInfo.<FetchReleaseNotes>b__19_0(ReleaseEntry x)
2019-05-21 13:13:38> Program: Starting Squirrel Updater: --update https://dl.pstmn.io/update/WIN64/7.0.8/stable?installationId=285ad095-4d3f-4679-a84d-442f878068d4&userId=7069976&syncEnabled=true&teamPlan=
2019-05-21 13:13:38> Program: Starting update, downloading from https://dl.pstmn.io/update/WIN64/7.0.8/stable?installationId=285ad095-4d3f-4679-a84d-442f878068d4&userId=7069976&syncEnabled=true&teamPlan=
2019-05-21 13:13:38> Program: About to update to: C:\Users\George Spooner\AppData\Local\Postman
2019-05-21 13:13:38> CheckForUpdateImpl: Using existing staging user ID: f0d20e09-ac70-5758-8fb2-6215324f39d1
2019-05-21 13:13:38> CheckForUpdateImpl: Downloading RELEASES file from https://dl.pstmn.io/update/WIN64/7.0.8/stable?installationId=285ad095-4d3f-4679-a84d-442f878068d4&userId=7069976&syncEnabled=true&teamPlan=
2019-05-21 13:13:39> FileDownloader: Downloading url: https://dl.pstmn.io/update/WIN64/7.0.8/stable/RELEASES?installationId=285ad095-4d3f-4679-a84d-442f878068d4&userId=7069976&syncEnabled=true&teamPlan=&id=Postman&localVersion=7.0.8&arch=amd64
2019-05-21 13:13:39> FileDownloader: Downloading file: https://dl.pstmn.io/download/7.0.9/Postman-win64-7.0.9-delta.nupkg
2019-05-21 13:13:39> FileDownloader: Downloading file: https://dl.pstmn.io/download/7.1.0/Postman-win64-7.1.0-delta.nupkg
2019-05-21 13:13:39> FileDownloader: Downloading file: https://dl.pstmn.io/download/7.1.1/Postman-win64-7.1.1-delta.nupkg
2019-05-21 13:13:52> DeltaPackageBuilder: lib\net45\api-ms-win-core-console-l1-1-0.dll.diff exists unchanged, skipping
2019-05-21 13:13:52> DeltaPackageBuilder: lib\net45\api-ms-win-core-datetime-l1-1-0.dll.diff exists unchanged, skipping
2019-05-21 13:13:52> DeltaPackageBuilder: lib\net45\api-ms-win-core-debug-l1-1-0.dll.diff exists unchanged, skipping
2019-05-21 13:13:52> DeltaPackageBuilder: lib\net45\api-ms-win-core-errorhandling-l1-1-0.dll.diff exists unchanged, skipping
2019-05-21 13:13:52> DeltaPackageBuilder: lib\net45\api-ms-win-core-file-l1-1-0.dll.diff exists unchanged, skipping
2019-05-21 13:13:52> DeltaPackageBuilder: lib\net45\api-ms-win-core-file-l1-2-0.dll.diff exists unchanged, skipping
2019-05-21 13:13:52> DeltaPackageBuilder: lib\net45\api-ms-win-core-file-l2-1-0.dll.diff exists unchanged, skipping
2019-05-21 13:13:52> DeltaPackageBuilder: lib\net45\api-ms-win-core-handle-l1-1-0.dll.diff exists unchanged, skipping
2019-05-21 13:13:52> DeltaPackageBuilder: lib\net45\api-ms-win-core-heap-l1-1-0.dll.diff exists unchanged, skipping
2019-05-21 13:13:52> DeltaPackageBuilder: lib\net45\api-ms-win-core-interlocked-l1-1-0.dll.diff exists unchanged, skipping
2019-05-21 13:13:52> DeltaPackageBuilder: lib\net45\api-ms-win-core-libraryloader-l1-1-0.dll.diff exists unchanged, skipping
2019-05-21 13:13:52> DeltaPackageBuilder: lib\net45\api-ms-win-core-localization-l1-2-0.dll.diff exists unchanged, skipping
2019-05-21 13:13:52> DeltaPackageBuilder: lib\net45\api-ms-win-core-memory-l1-1-0.dll.diff exists unchanged, skipping
2019-05-21 13:13:52> DeltaPackageBuilder: lib\net45\api-ms-win-core-namedpipe-l1-1-0.dll.diff exists unchanged, skipping
2019-05-21 13:13:52> DeltaPackageBuilder: lib\net45\api-ms-win-core-processenvironment-l1-1-0.dll.diff exists unchanged, skipping
2019-05-21 13:13:52> DeltaPackageBuilder: lib\net45\api-ms-win-core-processthreads-l1-1-0.dll.diff exists unchanged, skipping
2019-05-21 13:13:52> DeltaPackageBuilder: lib\net45\api-ms-win-core-processthreads-l1-1-1.dll.diff exists unchanged, skipping
2019-05-21 13:13:52> DeltaPackageBuilder: lib\net45\api-ms-win-core-profile-l1-1-0.dll.diff exists unchanged, skipping
2019-05-21 13:13:52> DeltaPackageBuilder: lib\net45\api-ms-win-core-rtlsupport-l1-1-0.dll.diff exists unchanged, skipping
2019-05-21 13:13:52> DeltaPackageBuilder: lib\net45\api-ms-win-core-string-l1-1-0.dll.diff exists unchanged, skipping
2019-05-21 13:13:52> DeltaPackageBuilder: lib\net45\api-ms-win-core-synch-l1-1-0.dll.diff exists unchanged, skipping
2019-05-21 13:13:52> DeltaPackageBuilder: lib\net45\api-ms-win-core-synch-l1-2-0.dll.diff exists unchanged, skipping
2019-05-21 13:13:52> DeltaPackageBuilder: lib\net45\api-ms-win-core-sysinfo-l1-1-0.dll.diff exists unchanged, skipping
2019-05-21 13:13:52> DeltaPackageBuilder: lib\net45\api-ms-win-core-timezone-l1-1-0.dll.diff exists unchanged, skipping
2019-05-21 13:13:52> DeltaPackageBuilder: lib\net45\api-ms-win-core-util-l1-1-0.dll.diff exists unchanged, skipping
2019-05-21 13:13:52> DeltaPackageBuilder: lib\net45\api-ms-win-crt-conio-l1-1-0.dll.diff exists unchanged, skipping
2019-05-21 13:13:52> DeltaPackageBuilder: lib\net45\api-ms-win-crt-convert-l1-1-0.dll.diff exists unchanged, skipping
2019-05-21 13:13:52> DeltaPackageBuilder: lib\net45\api-ms-win-crt-environment-l1-1-0.dll.diff exists unchanged, skipping
2019-05-21 13:13:52> DeltaPackageBuilder: lib\net45\api-ms-win-crt-filesystem-l1-1-0.dll.diff exists unchanged, skipping
2019-05-21 13:13:52> DeltaPackageBuilder: lib\net45\api-ms-win-crt-heap-l1-1-0.dll.diff exists unchanged, skipping
2019-05-21 13:13:52> DeltaPackageBuilder: lib\net45\api-ms-win-crt-locale-l1-1-0.dll.diff exists unchanged, skipping
2019-05-21 13:13:52> DeltaPackageBuilder: lib\net45\api-ms-win-crt-math-l1-1-0.dll.diff exists unchanged, skipping
2019-05-21 13:13:52> DeltaPackageBuilder: lib\net45\api-ms-win-crt-multibyte-l1-1-0.dll.diff exists unchanged, skipping
2019-05-21 13:13:52> DeltaPackageBuilder: lib\net45\api-ms-win-crt-private-l1-1-0.dll.diff exists unchanged, skipping
2019-05-21 13:13:52> DeltaPackageBuilder: lib\net45\api-ms-win-crt-process-l1-1-0.dll.diff exists unchanged, skipping
2019-05-21 13:13:52> DeltaPackageBuilder: lib\net45\api-ms-win-crt-runtime-l1-1-0.dll.diff exists unchanged, skipping
2019-05-21 13:13:52> DeltaPackageBuilder: lib\net45\api-ms-win-crt-stdio-l1-1-0.dll.diff exists unchanged, skipping
2019-05-21 13:13:52> DeltaPackageBuilder: lib\net45\api-ms-win-crt-string-l1-1-0.dll.diff exists unchanged, skipping
2019-05-21 13:13:52> DeltaPackageBuilder: lib\net45\api-ms-win-crt-time-l1-1-0.dll.diff exists unchanged, skipping
2019-05-21 13:13:52> DeltaPackageBuilder: lib\net45\api-ms-win-crt-utility-l1-1-0.dll.diff exists unchanged, skipping
2019-05-21 13:13:52> DeltaPackageBuilder: lib\net45\blink_image_resources_200_percent.pak.diff exists unchanged, skipping
2019-05-21 13:13:52> DeltaPackageBuilder: lib\net45\content_resources_200_percent.pak.diff exists unchanged, skipping
2019-05-21 13:13:52> DeltaPackageBuilder: lib\net45\content_shell.pak.diff exists unchanged, skipping
2019-05-21 13:13:52> DeltaPackageBuilder: lib\net45\d3dcompiler_47.dll.diff exists unchanged, skipping
2019-05-21 13:13:52> DeltaPackageBuilder: lib\net45\ffmpeg.dll.diff exists unchanged, skipping
2019-05-21 13:13:52> DeltaPackageBuilder: lib\net45\icudtl.dat.diff exists unchanged, skipping
2019-05-21 13:13:52> DeltaPackageBuilder: lib\net45\libEGL.dll.diff exists unchanged, skipping
2019-05-21 13:13:52> DeltaPackageBuilder: lib\net45\libGLESv2.dll.diff exists unchanged, skipping
2019-05-21 13:13:52> DeltaPackageBuilder: lib\net45\LICENSE.diff exists unchanged, skipping
2019-05-21 13:13:52> DeltaPackageBuilder: lib\net45\msvcp140.dll.diff exists unchanged, skipping
2019-05-21 13:13:52> DeltaPackageBuilder: lib\net45\natives_blob.bin.diff exists unchanged, skipping
2019-05-21 13:13:52> DeltaPackageBuilder: lib\net45\node.dll.diff exists unchanged, skipping
2019-05-21 13:13:52> DeltaPackageBuilder: lib\net45\pdf_viewer_resources.pak.diff exists unchanged, skipping
2019-05-21 13:13:52> DeltaPackageBuilder: Applying BSDiff to lib\net45\Postman.exe.bsdiff
2019-05-21 13:14:00> DeltaPackageBuilder: Patched file lib\net45\Postman.exe.bsdiff has incorrect SHA1, expected 8D9660873C3B1A68567F4D0B787551509DD1FB31, got 17F1E96B239D5565F72B0432F880F4FCBE2E1018
2019-05-21 13:14:01> Program: Failed to apply updates, falling back to full updates: Squirrel.ChecksumFailedException: Exception of type 'Squirrel.ChecksumFailedException' was thrown.
   at Squirrel.DeltaPackageBuilder.verifyPatchedFile(String relativeFilePath, String inputFile, String tempTargetFile)
   at Squirrel.DeltaPackageBuilder.applyDiffToFile(String deltaPath, String relativeFilePath, String workingDirectory)
   at Squirrel.DeltaPackageBuilder.<>c__DisplayClass3_1.<ApplyDeltaPackage>b__4(String file)
   at Squirrel.EnumerableExtensions.ForEach[TSource](IEnumerable`1 source, Action`1 onNext)
   at Squirrel.DeltaPackageBuilder.ApplyDeltaPackage(ReleasePackage basePackage, ReleasePackage deltaPackage, String outputFile)
   at Squirrel.UpdateManager.ApplyReleasesImpl.<>c__DisplayClass8_0.<createFullPackagesFromDeltas>b__3()
   at System.Threading.Tasks.Task`1.InnerInvoke()
   at System.Threading.Tasks.Task.Execute()
--- End of stack trace from previous location where exception was thrown ---
   at System.Runtime.CompilerServices.TaskAwaiter.ThrowForNonSuccess(Task task)
   at System.Runtime.CompilerServices.TaskAwaiter.HandleNonSuccessAndDebuggerNotification(Task task)
   at Squirrel.UpdateManager.ApplyReleasesImpl.<createFullPackagesFromDeltas>d__8.MoveNext()
--- End of stack trace from previous location where exception was thrown ---
   at System.Runtime.CompilerServices.TaskAwaiter.ThrowForNonSuccess(Task task)
   at System.Runtime.CompilerServices.TaskAwaiter.HandleNonSuccessAndDebuggerNotification(Task task)
   at Squirrel.UpdateManager.ApplyReleasesImpl.<ApplyReleases>d__2.MoveNext()
--- End of stack trace from previous location where exception was thrown ---
   at System.Runtime.CompilerServices.TaskAwaiter.ThrowForNonSuccess(Task task)
   at System.Runtime.CompilerServices.TaskAwaiter.HandleNonSuccessAndDebuggerNotification(Task task)
   at Squirrel.UpdateManager.<ApplyReleases>d__9.MoveNext()
--- End of stack trace from previous location where exception was thrown ---
   at System.Runtime.CompilerServices.TaskAwaiter.ThrowForNonSuccess(Task task)
   at System.Runtime.CompilerServices.TaskAwaiter.HandleNonSuccessAndDebuggerNotification(Task task)
   at System.Runtime.CompilerServices.TaskAwaiter.ValidateEnd(Task task)
   at Squirrel.Update.Program.<Update>d__5.MoveNext()
2019-05-21 13:14:01> CheckForUpdateImpl: Using existing staging user ID: f0d20e09-ac70-5758-8fb2-6215324f39d1
2019-05-21 13:14:01> CheckForUpdateImpl: Downloading RELEASES file from https://dl.pstmn.io/update/WIN64/7.0.8/stable?installationId=285ad095-4d3f-4679-a84d-442f878068d4&userId=7069976&syncEnabled=true&teamPlan=
2019-05-21 13:14:01> FileDownloader: Downloading url: https://dl.pstmn.io/update/WIN64/7.0.8/stable/RELEASES?installationId=285ad095-4d3f-4679-a84d-442f878068d4&userId=7069976&syncEnabled=true&teamPlan=&id=Postman&localVersion=7.0.8&arch=amd64
2019-05-21 13:14:02> FileDownloader: Downloading file: https://dl.pstmn.io/download/7.1.1/Postman-win64-7.1.1-full.nupkg
2019-05-21 13:14:09> ApplyReleasesImpl: Writing files to app directory: C:\Users\George Spooner\AppData\Local\Postman\app-7.1.1
2019-05-21 13:14:24> ApplyReleasesImpl: Squirrel Enabled Apps: [C:\Users\George Spooner\AppData\Local\Postman\app-7.1.1\Postman.exe]
2019-05-21 13:14:41> ApplyReleasesImpl: Couldn't run Squirrel hook, continuing: C:\Users\George Spooner\AppData\Local\Postman\app-7.1.1\Postman.exe: System.OperationCanceledException: The operation was canceled.
   at System.Threading.CancellationToken.ThrowOperationCanceledException()
   at Squirrel.Utility.<>c__DisplayClass11_0.<InvokeProcessAsync>b__0()
   at System.Threading.Tasks.Task.InnerInvoke()
   at System.Threading.Tasks.Task.Execute()
--- End of stack trace from previous location where exception was thrown ---
   at System.Runtime.CompilerServices.TaskAwaiter.ThrowForNonSuccess(Task task)
   at System.Runtime.CompilerServices.TaskAwaiter.HandleNonSuccessAndDebuggerNotification(Task task)
   at Squirrel.Utility.<InvokeProcessAsync>d__11.MoveNext()
--- End of stack trace from previous location where exception was thrown ---
   at System.Runtime.CompilerServices.TaskAwaiter.ThrowForNonSuccess(Task task)
   at System.Runtime.CompilerServices.TaskAwaiter.HandleNonSuccessAndDebuggerNotification(Task task)
   at Squirrel.UpdateManager.ApplyReleasesImpl.<>c__DisplayClass10_0.<<invokePostInstall>b__0>d.MoveNext()
2019-05-21 13:14:41> ApplyReleasesImpl: Starting fixPinnedExecutables
2019-05-21 13:14:41> ApplyReleasesImpl: Examining Pin: Visual Studio 2019.lnk
2019-05-21 13:14:41> ApplyReleasesImpl: Examining Pin: Windows Explorer.lnk
2019-05-21 13:14:41> ApplyReleasesImpl: Fixing up tray icons
2019-05-21 13:14:41> ApplyReleasesImpl: Couldn't rewrite shim RegKey, most likely no apps are shimmed: System.NullReferenceException: Object reference not set to an instance of an object.
   at Squirrel.UpdateManager.ApplyReleasesImpl.<unshimOurselves>b__13_0(RegistryView view)
2019-05-21 13:14:41> ApplyReleasesImpl: Couldn't rewrite shim RegKey, most likely no apps are shimmed: System.NullReferenceException: Object reference not set to an instance of an object.
   at Squirrel.UpdateManager.ApplyReleasesImpl.<unshimOurselves>b__13_0(RegistryView view)
2019-05-21 13:14:41> ApplyReleasesImpl: cleanDeadVersions: for version 7.1.1
2019-05-21 13:14:41> ApplyReleasesImpl: cleanDeadVersions: exclude folder app-7.0.8
2019-05-21 13:14:41> ApplyReleasesImpl: cleanDeadVersions: exclude folder app-7.1.1
2019-05-21 13:14:52> ApplyReleasesImpl: Coudln't run Squirrel hook, continuing: C:\Users\George Spooner\AppData\Local\Postman\app-7.0.7\Postman.exe: System.OperationCanceledException: The operation was canceled.
   at System.Threading.CancellationToken.ThrowOperationCanceledException()
   at Squirrel.Utility.<>c__DisplayClass11_0.<InvokeProcessAsync>b__0()
   at System.Threading.Tasks.Task.InnerInvoke()
   at System.Threading.Tasks.Task.Execute()
--- End of stack trace from previous location where exception was thrown ---
   at System.Runtime.CompilerServices.TaskAwaiter.ThrowForNonSuccess(Task task)
   at System.Runtime.CompilerServices.TaskAwaiter.HandleNonSuccessAndDebuggerNotification(Task task)
   at Squirrel.Utility.<InvokeProcessAsync>d__11.MoveNext()
--- End of stack trace from previous location where exception was thrown ---
   at System.Runtime.CompilerServices.TaskAwaiter.ThrowForNonSuccess(Task task)
   at System.Runtime.CompilerServices.TaskAwaiter.HandleNonSuccessAndDebuggerNotification(Task task)
   at Squirrel.UpdateManager.ApplyReleasesImpl.<>c__DisplayClass14_1.<<cleanDeadVersions>b__4>d.MoveNext()
2019-05-21 13:14:54> InstallHelperImpl: Couldn't write uninstall icon, don't care: System.Net.WebException: Could not find a part of the path 'C:\Users\Administrator\buildkite-agent\builds\win-build\postman\app-package-and-deploy\resources\postman-prod.ico'. ---> System.Net.WebException: Could not find a part of the path 'C:\Users\Administrator\buildkite-agent\builds\win-build\postman\app-package-and-deploy\resources\postman-prod.ico'. ---> System.IO.DirectoryNotFoundException: Could not find a part of the path 'C:\Users\Administrator\buildkite-agent\builds\win-build\postman\app-package-and-deploy\resources\postman-prod.ico'.
   at System.IO.__Error.WinIOError(Int32 errorCode, String maybeFullPath)
   at System.IO.FileStream.Init(String path, FileMode mode, FileAccess access, Int32 rights, Boolean useRights, FileShare share, Int32 bufferSize, FileOptions options, SECURITY_ATTRIBUTES secAttrs, String msgPath, Boolean bFromProxy, Boolean useLongPath, Boolean checkHost)
   at System.IO.FileStream..ctor(String path, FileMode mode, FileAccess access, FileShare share, Int32 bufferSize, FileOptions options, String msgPath, Boolean bFromProxy)
   at System.Net.FileWebStream..ctor(FileWebRequest request, String path, FileMode mode, FileAccess access, FileShare sharing, Int32 length, Boolean async)
   at System.Net.FileWebResponse..ctor(FileWebRequest request, Uri uri, FileAccess access, Boolean asyncHint)
   --- End of inner exception stack trace ---
   at System.Net.FileWebResponse..ctor(FileWebRequest request, Uri uri, FileAccess access, Boolean asyncHint)
   at System.Net.FileWebRequest.GetResponseCallback(Object state)
   --- End of inner exception stack trace ---
   at System.Net.FileWebRequest.EndGetResponse(IAsyncResult asyncResult)
   at System.Net.WebClient.GetWebResponse(WebRequest request, IAsyncResult result)
   at System.Net.WebClient.DownloadBitsResponseCallback(IAsyncResult result)
--- End of stack trace from previous location where exception was thrown ---
   at System.Runtime.CompilerServices.TaskAwaiter.ThrowForNonSuccess(Task task)
   at System.Runtime.CompilerServices.TaskAwaiter.HandleNonSuccessAndDebuggerNotification(Task task)
   at System.Runtime.CompilerServices.TaskAwaiter.ValidateEnd(Task task)
   at Squirrel.UpdateManager.InstallHelperImpl.<CreateUninstallerRegistryEntry>d__5.MoveNext()
2019-09-24 16:09:32> Program: Starting Squirrel Updater: --processStart Postman.exe
2019-09-24 16:09:32> Program: Want to launch 'C:\Users\George Spooner\AppData\Local\Postman\app-7.1.1\Postman.exe'
2019-09-24 16:09:32> Program: About to launch: 'C:\Users\George Spooner\AppData\Local\Postman\app-7.1.1\Postman.exe': 
2019-09-24 16:10:33> Program: Starting Squirrel Updater: --checkForUpdate https://dl.pstmn.io/update/WIN64/7.1.1/stable?installationId=285ad095-4d3f-4679-a84d-442f878068d4&userId=7069976&syncEnabled=true&teamPlan=
2019-09-24 16:10:34> Program: Fetching update information, downloading from https://dl.pstmn.io/update/WIN64/7.1.1/stable?installationId=285ad095-4d3f-4679-a84d-442f878068d4&userId=7069976&syncEnabled=true&teamPlan=
2019-09-24 16:10:34> CheckForUpdateImpl: Using existing staging user ID: f0d20e09-ac70-5758-8fb2-6215324f39d1
2019-09-24 16:10:34> CheckForUpdateImpl: Downloading RELEASES file from https://dl.pstmn.io/update/WIN64/7.1.1/stable?installationId=285ad095-4d3f-4679-a84d-442f878068d4&userId=7069976&syncEnabled=true&teamPlan=
2019-09-24 16:10:35> FileDownloader: Downloading url: https://dl.pstmn.io/update/WIN64/7.1.1/stable/RELEASES?installationId=285ad095-4d3f-4679-a84d-442f878068d4&userId=7069976&syncEnabled=true&teamPlan=&id=Postman&localVersion=7.1.1&arch=amd64
2019-09-24 16:10:36> UpdateInfo: Couldn't get release notes for:Postman-win64-7.7.3-delta.nupkg: System.IO.FileNotFoundException: Could not find file 'C:\Users\George Spooner\AppData\Local\Postman\packages\Postman-win64-7.7.3-delta.nupkg'.
File name: 'C:\Users\George Spooner\AppData\Local\Postman\packages\Postman-win64-7.7.3-delta.nupkg'
   at System.IO.__Error.WinIOError(Int32 errorCode, String maybeFullPath)
   at System.IO.FileStream.Init(String path, FileMode mode, FileAccess access, Int32 rights, Boolean useRights, FileShare share, Int32 bufferSize, FileOptions options, SECURITY_ATTRIBUTES secAttrs, String msgPath, Boolean bFromProxy, Boolean useLongPath, Boolean checkHost)
   at System.IO.FileStream..ctor(String path, FileMode mode, FileAccess access, FileShare share)
   at NuGet.ZipPackage.<>c__DisplayClass9_0.<.ctor>b__0()
   at NuGet.ZipPackage.EnsureManifest()
   at NuGet.ZipPackage..ctor(String filePath, Boolean enableCaching)
   at Squirrel.ReleaseEntry.GetReleaseNotes(String packageDirectory)
   at Squirrel.UpdateInfo.<FetchReleaseNotes>b__19_0(ReleaseEntry x)
2019-09-24 16:10:38> Program: Starting Squirrel Updater: --update https://dl.pstmn.io/update/WIN64/7.1.1/stable?installationId=285ad095-4d3f-4679-a84d-442f878068d4&userId=7069976&syncEnabled=true&teamPlan=
2019-09-24 16:10:38> Program: Starting update, downloading from https://dl.pstmn.io/update/WIN64/7.1.1/stable?installationId=285ad095-4d3f-4679-a84d-442f878068d4&userId=7069976&syncEnabled=true&teamPlan=
2019-09-24 16:10:38> Program: About to update to: C:\Users\George Spooner\AppData\Local\Postman
2019-09-24 16:10:38> CheckForUpdateImpl: Using existing staging user ID: f0d20e09-ac70-5758-8fb2-6215324f39d1
2019-09-24 16:10:38> CheckForUpdateImpl: Downloading RELEASES file from https://dl.pstmn.io/update/WIN64/7.1.1/stable?installationId=285ad095-4d3f-4679-a84d-442f878068d4&userId=7069976&syncEnabled=true&teamPlan=
2019-09-24 16:10:39> FileDownloader: Downloading url: https://dl.pstmn.io/update/WIN64/7.1.1/stable/RELEASES?installationId=285ad095-4d3f-4679-a84d-442f878068d4&userId=7069976&syncEnabled=true&teamPlan=&id=Postman&localVersion=7.1.1&arch=amd64
2019-09-24 16:10:39> FileDownloader: Downloading file: https://dl.pstmn.io/download/7.7.3/Postman-win64-7.7.3-delta.nupkg
2019-09-24 16:11:34> DeltaPackageBuilder: lib\net45\api-ms-win-core-console-l1-1-0.dll.diff exists unchanged, skipping
2019-09-24 16:11:34> DeltaPackageBuilder: lib\net45\api-ms-win-core-datetime-l1-1-0.dll.diff exists unchanged, skipping
2019-09-24 16:11:34> DeltaPackageBuilder: lib\net45\api-ms-win-core-debug-l1-1-0.dll.diff exists unchanged, skipping
2019-09-24 16:11:34> DeltaPackageBuilder: lib\net45\api-ms-win-core-errorhandling-l1-1-0.dll.diff exists unchanged, skipping
2019-09-24 16:11:34> DeltaPackageBuilder: lib\net45\api-ms-win-core-file-l1-1-0.dll.diff exists unchanged, skipping
2019-09-24 16:11:34> DeltaPackageBuilder: lib\net45\api-ms-win-core-file-l1-2-0.dll.diff exists unchanged, skipping
2019-09-24 16:11:34> DeltaPackageBuilder: lib\net45\api-ms-win-core-file-l2-1-0.dll.diff exists unchanged, skipping
2019-09-24 16:11:34> DeltaPackageBuilder: lib\net45\api-ms-win-core-handle-l1-1-0.dll.diff exists unchanged, skipping
2019-09-24 16:11:34> DeltaPackageBuilder: lib\net45\api-ms-win-core-heap-l1-1-0.dll.diff exists unchanged, skipping
2019-09-24 16:11:34> DeltaPackageBuilder: lib\net45\api-ms-win-core-interlocked-l1-1-0.dll.diff exists unchanged, skipping
2019-09-24 16:11:34> DeltaPackageBuilder: lib\net45\api-ms-win-core-libraryloader-l1-1-0.dll.diff exists unchanged, skipping
2019-09-24 16:11:34> DeltaPackageBuilder: lib\net45\api-ms-win-core-localization-l1-2-0.dll.diff exists unchanged, skipping
2019-09-24 16:11:34> DeltaPackageBuilder: lib\net45\api-ms-win-core-memory-l1-1-0.dll.diff exists unchanged, skipping
2019-09-24 16:11:34> DeltaPackageBuilder: lib\net45\api-ms-win-core-namedpipe-l1-1-0.dll.diff exists unchanged, skipping
2019-09-24 16:11:34> DeltaPackageBuilder: lib\net45\api-ms-win-core-processenvironment-l1-1-0.dll.diff exists unchanged, skipping
2019-09-24 16:11:34> DeltaPackageBuilder: lib\net45\api-ms-win-core-processthreads-l1-1-0.dll.diff exists unchanged, skipping
2019-09-24 16:11:34> DeltaPackageBuilder: lib\net45\api-ms-win-core-processthreads-l1-1-1.dll.diff exists unchanged, skipping
2019-09-24 16:11:34> DeltaPackageBuilder: lib\net45\api-ms-win-core-profile-l1-1-0.dll.diff exists unchanged, skipping
2019-09-24 16:11:34> DeltaPackageBuilder: lib\net45\api-ms-win-core-rtlsupport-l1-1-0.dll.diff exists unchanged, skipping
2019-09-24 16:11:34> DeltaPackageBuilder: lib\net45\api-ms-win-core-string-l1-1-0.dll.diff exists unchanged, skipping
2019-09-24 16:11:34> DeltaPackageBuilder: lib\net45\api-ms-win-core-synch-l1-1-0.dll.diff exists unchanged, skipping
2019-09-24 16:11:34> DeltaPackageBuilder: lib\net45\api-ms-win-core-synch-l1-2-0.dll.diff exists unchanged, skipping
2019-09-24 16:11:34> DeltaPackageBuilder: lib\net45\api-ms-win-core-sysinfo-l1-1-0.dll.diff exists unchanged, skipping
2019-09-24 16:11:34> DeltaPackageBuilder: lib\net45\api-ms-win-core-timezone-l1-1-0.dll.diff exists unchanged, skipping
2019-09-24 16:11:34> DeltaPackageBuilder: lib\net45\api-ms-win-core-util-l1-1-0.dll.diff exists unchanged, skipping
2019-09-24 16:11:34> DeltaPackageBuilder: lib\net45\api-ms-win-crt-conio-l1-1-0.dll.diff exists unchanged, skipping
2019-09-24 16:11:34> DeltaPackageBuilder: lib\net45\api-ms-win-crt-convert-l1-1-0.dll.diff exists unchanged, skipping
2019-09-24 16:11:34> DeltaPackageBuilder: lib\net45\api-ms-win-crt-environment-l1-1-0.dll.diff exists unchanged, skipping
2019-09-24 16:11:34> DeltaPackageBuilder: lib\net45\api-ms-win-crt-filesystem-l1-1-0.dll.diff exists unchanged, skipping
2019-09-24 16:11:34> DeltaPackageBuilder: lib\net45\api-ms-win-crt-heap-l1-1-0.dll.diff exists unchanged, skipping
2019-09-24 16:11:34> DeltaPackageBuilder: lib\net45\api-ms-win-crt-locale-l1-1-0.dll.diff exists unchanged, skipping
2019-09-24 16:11:34> DeltaPackageBuilder: lib\net45\api-ms-win-crt-math-l1-1-0.dll.diff exists unchanged, skipping
2019-09-24 16:11:34> DeltaPackageBuilder: lib\net45\api-ms-win-crt-multibyte-l1-1-0.dll.diff exists unchanged, skipping
2019-09-24 16:11:34> DeltaPackageBuilder: lib\net45\api-ms-win-crt-private-l1-1-0.dll.diff exists unchanged, skipping
2019-09-24 16:11:34> DeltaPackageBuilder: lib\net45\api-ms-win-crt-process-l1-1-0.dll.diff exists unchanged, skipping
2019-09-24 16:11:34> DeltaPackageBuilder: lib\net45\api-ms-win-crt-runtime-l1-1-0.dll.diff exists unchanged, skipping
2019-09-24 16:11:34> DeltaPackageBuilder: lib\net45\api-ms-win-crt-stdio-l1-1-0.dll.diff exists unchanged, skipping
2019-09-24 16:11:34> DeltaPackageBuilder: lib\net45\api-ms-win-crt-string-l1-1-0.dll.diff exists unchanged, skipping
2019-09-24 16:11:34> DeltaPackageBuilder: lib\net45\api-ms-win-crt-time-l1-1-0.dll.diff exists unchanged, skipping
2019-09-24 16:11:34> DeltaPackageBuilder: lib\net45\api-ms-win-crt-utility-l1-1-0.dll.diff exists unchanged, skipping
2019-09-24 16:11:34> DeltaPackageBuilder: lib\net45\blink_image_resources_200_percent.pak.diff exists unchanged, skipping
2019-09-24 16:11:34> DeltaPackageBuilder: lib\net45\content_resources_200_percent.pak.diff exists unchanged, skipping
2019-09-24 16:11:34> DeltaPackageBuilder: lib\net45\content_shell.pak.diff exists unchanged, skipping
2019-09-24 16:11:34> DeltaPackageBuilder: lib\net45\d3dcompiler_47.dll.diff exists unchanged, skipping
2019-09-24 16:11:34> DeltaPackageBuilder: Applying MSDiff to lib\net45\ffmpeg.dll.diff
2019-09-24 16:11:38> Program: Failed to apply updates, falling back to full updates: System.ComponentModel.Win32Exception (0x80004005): The system cannot find the file specified
   at DeltaCompressionDotNet.MsDelta.MsDeltaCompression.ApplyDelta(String deltaFilePath, String oldFilePath, String newFilePath)
   at Squirrel.DeltaPackageBuilder.applyDiffToFile(String deltaPath, String relativeFilePath, String workingDirectory)
   at Squirrel.DeltaPackageBuilder.<>c__DisplayClass3_1.<ApplyDeltaPackage>b__4(String file)
   at Squirrel.EnumerableExtensions.ForEach[TSource](IEnumerable`1 source, Action`1 onNext)
   at Squirrel.DeltaPackageBuilder.ApplyDeltaPackage(ReleasePackage basePackage, ReleasePackage deltaPackage, String outputFile)
   at Squirrel.UpdateManager.ApplyReleasesImpl.<>c__DisplayClass8_0.<createFullPackagesFromDeltas>b__3()
   at System.Threading.Tasks.Task`1.InnerInvoke()
   at System.Threading.Tasks.Task.Execute()
--- End of stack trace from previous location where exception was thrown ---
   at System.Runtime.CompilerServices.TaskAwaiter.ThrowForNonSuccess(Task task)
   at System.Runtime.CompilerServices.TaskAwaiter.HandleNonSuccessAndDebuggerNotification(Task task)
   at Squirrel.UpdateManager.ApplyReleasesImpl.<createFullPackagesFromDeltas>d__8.MoveNext()
--- End of stack trace from previous location where exception was thrown ---
   at System.Runtime.CompilerServices.TaskAwaiter.ThrowForNonSuccess(Task task)
   at System.Runtime.CompilerServices.TaskAwaiter.HandleNonSuccessAndDebuggerNotification(Task task)
   at Squirrel.UpdateManager.ApplyReleasesImpl.<ApplyReleases>d__2.MoveNext()
--- End of stack trace from previous location where exception was thrown ---
   at System.Runtime.CompilerServices.TaskAwaiter.ThrowForNonSuccess(Task task)
   at System.Runtime.CompilerServices.TaskAwaiter.HandleNonSuccessAndDebuggerNotification(Task task)
   at Squirrel.UpdateManager.<ApplyReleases>d__9.MoveNext()
--- End of stack trace from previous location where exception was thrown ---
   at System.Runtime.CompilerServices.TaskAwaiter.ThrowForNonSuccess(Task task)
   at System.Runtime.CompilerServices.TaskAwaiter.HandleNonSuccessAndDebuggerNotification(Task task)
   at System.Runtime.CompilerServices.TaskAwaiter.ValidateEnd(Task task)
   at Squirrel.Update.Program.<Update>d__5.MoveNext()
2019-09-24 16:11:38> CheckForUpdateImpl: Using existing staging user ID: f0d20e09-ac70-5758-8fb2-6215324f39d1
2019-09-24 16:11:38> CheckForUpdateImpl: Downloading RELEASES file from https://dl.pstmn.io/update/WIN64/7.1.1/stable?installationId=285ad095-4d3f-4679-a84d-442f878068d4&userId=7069976&syncEnabled=true&teamPlan=
2019-09-24 16:11:38> FileDownloader: Downloading url: https://dl.pstmn.io/update/WIN64/7.1.1/stable/RELEASES?installationId=285ad095-4d3f-4679-a84d-442f878068d4&userId=7069976&syncEnabled=true&teamPlan=&id=Postman&localVersion=7.1.1&arch=amd64
2019-09-24 16:11:38> FileDownloader: Downloading file: https://dl.pstmn.io/download/7.7.3/Postman-win64-7.7.3-full.nupkg
2019-09-24 16:11:50> ApplyReleasesImpl: Writing files to app directory: C:\Users\George Spooner\AppData\Local\Postman\app-7.7.3
2019-09-24 16:12:04> ApplyReleasesImpl: Squirrel Enabled Apps: [C:\Users\George Spooner\AppData\Local\Postman\app-7.7.3\Postman.exe,C:\Users\George Spooner\AppData\Local\Postman\app-7.7.3\Postman_ExecutionStub.exe]
2019-09-24 16:12:19> ApplyReleasesImpl: Couldn't run Squirrel hook, continuing: C:\Users\George Spooner\AppData\Local\Postman\app-7.7.3\Postman.exe: System.OperationCanceledException: The operation was canceled.
   at System.Threading.CancellationToken.ThrowOperationCanceledException()
   at Squirrel.Utility.<>c__DisplayClass11_0.<InvokeProcessAsync>b__0()
   at System.Threading.Tasks.Task.InnerInvoke()
   at System.Threading.Tasks.Task.Execute()
--- End of stack trace from previous location where exception was thrown ---
   at System.Runtime.CompilerServices.TaskAwaiter.ThrowForNonSuccess(Task task)
   at System.Runtime.CompilerServices.TaskAwaiter.HandleNonSuccessAndDebuggerNotification(Task task)
   at Squirrel.Utility.<InvokeProcessAsync>d__11.MoveNext()
--- End of stack trace from previous location where exception was thrown ---
   at System.Runtime.CompilerServices.TaskAwaiter.ThrowForNonSuccess(Task task)
   at System.Runtime.CompilerServices.TaskAwaiter.HandleNonSuccessAndDebuggerNotification(Task task)
   at Squirrel.UpdateManager.ApplyReleasesImpl.<>c__DisplayClass10_0.<<invokePostInstall>b__0>d.MoveNext()
2019-09-24 16:12:28> ApplyReleasesImpl: Starting fixPinnedExecutables
2019-09-24 16:12:28> ApplyReleasesImpl: Examining Pin: Visual Studio 2019.lnk
2019-09-24 16:12:28> ApplyReleasesImpl: Examining Pin: Windows Explorer.lnk
2019-09-24 16:12:28> ApplyReleasesImpl: Fixing up tray icons
2019-09-24 16:12:28> ApplyReleasesImpl: Couldn't rewrite shim RegKey, most likely no apps are shimmed: System.NullReferenceException: Object reference not set to an instance of an object.
   at Squirrel.UpdateManager.ApplyReleasesImpl.<unshimOurselves>b__13_0(RegistryView view)
2019-09-24 16:12:28> ApplyReleasesImpl: Couldn't rewrite shim RegKey, most likely no apps are shimmed: System.NullReferenceException: Object reference not set to an instance of an object.
   at Squirrel.UpdateManager.ApplyReleasesImpl.<unshimOurselves>b__13_0(RegistryView view)
2019-09-24 16:12:28> ApplyReleasesImpl: cleanDeadVersions: for version 7.7.3
2019-09-24 16:12:28> ApplyReleasesImpl: cleanDeadVersions: exclude folder app-7.1.1
2019-09-24 16:12:28> ApplyReleasesImpl: cleanDeadVersions: exclude folder app-7.7.3
2019-09-24 16:12:39> ApplyReleasesImpl: Coudln't run Squirrel hook, continuing: C:\Users\George Spooner\AppData\Local\Postman\app-7.0.8\Postman.exe: System.OperationCanceledException: The operation was canceled.
   at System.Threading.CancellationToken.ThrowOperationCanceledException()
   at Squirrel.Utility.<>c__DisplayClass11_0.<InvokeProcessAsync>b__0()
   at System.Threading.Tasks.Task.InnerInvoke()
   at System.Threading.Tasks.Task.Execute()
--- End of stack trace from previous location where exception was thrown ---
   at System.Runtime.CompilerServices.TaskAwaiter.ThrowForNonSuccess(Task task)
   at System.Runtime.CompilerServices.TaskAwaiter.HandleNonSuccessAndDebuggerNotification(Task task)
   at Squirrel.Utility.<InvokeProcessAsync>d__11.MoveNext()
--- End of stack trace from previous location where exception was thrown ---
   at System.Runtime.CompilerServices.TaskAwaiter.ThrowForNonSuccess(Task task)
   at System.Runtime.CompilerServices.TaskAwaiter.HandleNonSuccessAndDebuggerNotification(Task task)
   at Squirrel.UpdateManager.ApplyReleasesImpl.<>c__DisplayClass14_1.<<cleanDeadVersions>b__4>d.MoveNext()
2019-09-24 16:12:41> InstallHelperImpl: Couldn't write uninstall icon, don't care: System.Net.WebException: Could not find a part of the path 'C:\Users\Administrator\buildkite-agent\builds\pm-build\postman\app-package-and-deploy\resources\postman-prod.ico'. ---> System.Net.WebException: Could not find a part of the path 'C:\Users\Administrator\buildkite-agent\builds\pm-build\postman\app-package-and-deploy\resources\postman-prod.ico'. ---> System.IO.DirectoryNotFoundException: Could not find a part of the path 'C:\Users\Administrator\buildkite-agent\builds\pm-build\postman\app-package-and-deploy\resources\postman-prod.ico'.
   at System.IO.__Error.WinIOError(Int32 errorCode, String maybeFullPath)
   at System.IO.FileStream.Init(String path, FileMode mode, FileAccess access, Int32 rights, Boolean useRights, FileShare share, Int32 bufferSize, FileOptions options, SECURITY_ATTRIBUTES secAttrs, String msgPath, Boolean bFromProxy, Boolean useLongPath, Boolean checkHost)
   at System.IO.FileStream..ctor(String path, FileMode mode, FileAccess access, FileShare share, Int32 bufferSize, FileOptions options, String msgPath, Boolean bFromProxy)
   at System.Net.FileWebStream..ctor(FileWebRequest request, String path, FileMode mode, FileAccess access, FileShare sharing, Int32 length, Boolean async)
   at System.Net.FileWebResponse..ctor(FileWebRequest request, Uri uri, FileAccess access, Boolean asyncHint)
   --- End of inner exception stack trace ---
   at System.Net.FileWebResponse..ctor(FileWebRequest request, Uri uri, FileAccess access, Boolean asyncHint)
   at System.Net.FileWebRequest.GetResponseCallback(Object state)
   --- End of inner exception stack trace ---
   at System.Net.FileWebRequest.EndGetResponse(IAsyncResult asyncResult)
   at System.Net.WebClient.GetWebResponse(WebRequest request, IAsyncResult result)
   at System.Net.WebClient.DownloadBitsResponseCallback(IAsyncResult result)
--- End of stack trace from previous location where exception was thrown ---
   at System.Runtime.CompilerServices.TaskAwaiter.ThrowForNonSuccess(Task task)
   at System.Runtime.CompilerServices.TaskAwaiter.HandleNonSuccessAndDebuggerNotification(Task task)
   at System.Runtime.CompilerServices.TaskAwaiter.ValidateEnd(Task task)
   at Squirrel.UpdateManager.InstallHelperImpl.<CreateUninstallerRegistryEntry>d__5.MoveNext()
2019-10-09 13:08:41> Program: Starting Squirrel Updater: --processStart Postman.exe
2019-10-09 13:08:41> Program: Want to launch 'C:\Users\George Spooner\AppData\Local\Postman\app-7.7.3\Postman.exe'
2019-10-09 13:08:41> Program: About to launch: 'C:\Users\George Spooner\AppData\Local\Postman\app-7.7.3\Postman.exe': 
2019-10-09 13:09:28> Program: Starting Squirrel Updater: --createShortcut=Postman.exe --shortcut-locations=StartMenu,Desktop
2019-10-09 13:09:28> ApplyReleasesImpl: About to create shortcuts for Postman.exe, rootAppDir C:\Users\George Spooner\AppData\Local\Postman
2019-10-09 13:09:29> ApplyReleasesImpl: Creating shortcut for Postman.exe => \\NTFNVF01\George SPOONER$\Win7ProfileFolders\Start Menu\Programs\Postman\Postman.lnk
2019-10-09 13:09:29> ApplyReleasesImpl: About to save shortcut: \\NTFNVF01\George SPOONER$\Win7ProfileFolders\Start Menu\Programs\Postman\Postman.lnk (target C:\Users\George Spooner\AppData\Local\Postman\Postman.exe, workingDir C:\Users\George Spooner\AppData\Local\Postman\app-7.7.3, args , toastActivatorCSLID d56d0ae8-2c2a-5b45-bd3b-9973bc69da9e)
2019-10-09 13:09:29> ApplyReleasesImpl: Creating shortcut for Postman.exe => \\NTFNVF01\George SPOONER$\Win7ProfileFolders\Desktop\Postman.lnk
2019-10-09 13:09:29> ApplyReleasesImpl: About to save shortcut: \\NTFNVF01\George SPOONER$\Win7ProfileFolders\Desktop\Postman.lnk (target C:\Users\George Spooner\AppData\Local\Postman\Postman.exe, workingDir C:\Users\George Spooner\AppData\Local\Postman\app-7.7.3, args , toastActivatorCSLID d56d0ae8-2c2a-5b45-bd3b-9973bc69da9e)
2019-10-09 13:09:30> ApplyReleasesImpl: Examining Pin: Registry Editor.lnk
2019-10-09 13:09:30> ApplyReleasesImpl: Examining Pin: Visual Studio 2019.lnk
2019-10-09 13:09:30> ApplyReleasesImpl: Examining Pin: Windows Explorer.lnk
2019-10-09 13:09:41> Program: Starting Squirrel Updater: --checkForUpdate https://dl.pstmn.io/update/WIN64/7.7.3/stable?installationId=285ad095-4d3f-4679-a84d-442f878068d4&userId=0&syncEnabled=false&teamPlan=
2019-10-09 13:09:41> Program: Fetching update information, downloading from https://dl.pstmn.io/update/WIN64/7.7.3/stable?installationId=285ad095-4d3f-4679-a84d-442f878068d4&userId=0&syncEnabled=false&teamPlan=
2019-10-09 13:09:41> CheckForUpdateImpl: Using existing staging user ID: f0d20e09-ac70-5758-8fb2-6215324f39d1
2019-10-09 13:09:41> CheckForUpdateImpl: Downloading RELEASES file from https://dl.pstmn.io/update/WIN64/7.7.3/stable?installationId=285ad095-4d3f-4679-a84d-442f878068d4&userId=0&syncEnabled=false&teamPlan=
2019-10-09 13:09:42> FileDownloader: Downloading url: https://dl.pstmn.io/update/WIN64/7.7.3/stable/RELEASES?installationId=285ad095-4d3f-4679-a84d-442f878068d4&userId=0&syncEnabled=false&teamPlan=&id=Postman-win64&localVersion=7.7.3&arch=amd64
2019-10-09 13:09:42> UpdateInfo: Couldn't get release notes for:Postman-win64-7.8.0-delta.nupkg: System.IO.FileNotFoundException: Could not find file 'C:\Users\George Spooner\AppData\Local\Postman\packages\Postman-win64-7.8.0-delta.nupkg'.
File name: 'C:\Users\George Spooner\AppData\Local\Postman\packages\Postman-win64-7.8.0-delta.nupkg'
   at System.IO.__Error.WinIOError(Int32 errorCode, String maybeFullPath)
   at System.IO.FileStream.Init(String path, FileMode mode, FileAccess access, Int32 rights, Boolean useRights, FileShare share, Int32 bufferSize, FileOptions options, SECURITY_ATTRIBUTES secAttrs, String msgPath, Boolean bFromProxy, Boolean useLongPath, Boolean checkHost)
   at System.IO.FileStream..ctor(String path, FileMode mode, FileAccess access, FileShare share)
   at NuGet.ZipPackage.<>c__DisplayClass9_0.<.ctor>b__0()
   at NuGet.ZipPackage.EnsureManifest()
   at NuGet.ZipPackage..ctor(String filePath, Boolean enableCaching)
   at Squirrel.ReleaseEntry.GetReleaseNotes(String packageDirectory)
   at Squirrel.UpdateInfo.<FetchReleaseNotes>b__19_0(ReleaseEntry x)
2019-10-09 13:09:43> Program: Starting Squirrel Updater: --update https://dl.pstmn.io/update/WIN64/7.7.3/stable?installationId=285ad095-4d3f-4679-a84d-442f878068d4&userId=0&syncEnabled=false&teamPlan=
2019-10-09 13:09:43> Program: Starting update, downloading from https://dl.pstmn.io/update/WIN64/7.7.3/stable?installationId=285ad095-4d3f-4679-a84d-442f878068d4&userId=0&syncEnabled=false&teamPlan=
2019-10-09 13:09:43> Program: About to update to: C:\Users\George Spooner\AppData\Local\Postman
2019-10-09 13:09:43> CheckForUpdateImpl: Using existing staging user ID: f0d20e09-ac70-5758-8fb2-6215324f39d1
2019-10-09 13:09:43> CheckForUpdateImpl: Downloading RELEASES file from https://dl.pstmn.io/update/WIN64/7.7.3/stable?installationId=285ad095-4d3f-4679-a84d-442f878068d4&userId=0&syncEnabled=false&teamPlan=
2019-10-09 13:09:43> FileDownloader: Downloading url: https://dl.pstmn.io/update/WIN64/7.7.3/stable/RELEASES?installationId=285ad095-4d3f-4679-a84d-442f878068d4&userId=0&syncEnabled=false&teamPlan=&id=Postman-win64&localVersion=7.7.3&arch=amd64
2019-10-09 13:09:44> FileDownloader: Downloading file: https://dl.pstmn.io/download/7.8.0/Postman-win64-7.8.0-delta.nupkg
2019-10-09 13:10:01> DeltaPackageBuilder: lib\net45\api-ms-win-core-console-l1-1-0.dll.diff exists unchanged, skipping
2019-10-09 13:10:01> DeltaPackageBuilder: lib\net45\api-ms-win-core-datetime-l1-1-0.dll.diff exists unchanged, skipping
2019-10-09 13:10:01> DeltaPackageBuilder: lib\net45\api-ms-win-core-debug-l1-1-0.dll.diff exists unchanged, skipping
2019-10-09 13:10:01> DeltaPackageBuilder: lib\net45\api-ms-win-core-errorhandling-l1-1-0.dll.diff exists unchanged, skipping
2019-10-09 13:10:01> DeltaPackageBuilder: lib\net45\api-ms-win-core-file-l1-1-0.dll.diff exists unchanged, skipping
2019-10-09 13:10:01> DeltaPackageBuilder: lib\net45\api-ms-win-core-file-l1-2-0.dll.diff exists unchanged, skipping
2019-10-09 13:10:01> DeltaPackageBuilder: lib\net45\api-ms-win-core-file-l2-1-0.dll.diff exists unchanged, skipping
2019-10-09 13:10:01> DeltaPackageBuilder: lib\net45\api-ms-win-core-handle-l1-1-0.dll.diff exists unchanged, skipping
2019-10-09 13:10:01> DeltaPackageBuilder: lib\net45\api-ms-win-core-heap-l1-1-0.dll.diff exists unchanged, skipping
2019-10-09 13:10:01> DeltaPackageBuilder: lib\net45\api-ms-win-core-interlocked-l1-1-0.dll.diff exists unchanged, skipping
2019-10-09 13:10:01> DeltaPackageBuilder: lib\net45\api-ms-win-core-libraryloader-l1-1-0.dll.diff exists unchanged, skipping
2019-10-09 13:10:01> DeltaPackageBuilder: lib\net45\api-ms-win-core-localization-l1-2-0.dll.diff exists unchanged, skipping
2019-10-09 13:10:01> DeltaPackageBuilder: lib\net45\api-ms-win-core-memory-l1-1-0.dll.diff exists unchanged, skipping
2019-10-09 13:10:01> DeltaPackageBuilder: lib\net45\api-ms-win-core-namedpipe-l1-1-0.dll.diff exists unchanged, skipping
2019-10-09 13:10:01> DeltaPackageBuilder: lib\net45\api-ms-win-core-processenvironment-l1-1-0.dll.diff exists unchanged, skipping
2019-10-09 13:10:01> DeltaPackageBuilder: lib\net45\api-ms-win-core-processthreads-l1-1-0.dll.diff exists unchanged, skipping
2019-10-09 13:10:01> DeltaPackageBuilder: lib\net45\api-ms-win-core-processthreads-l1-1-1.dll.diff exists unchanged, skipping
2019-10-09 13:10:01> DeltaPackageBuilder: lib\net45\api-ms-win-core-profile-l1-1-0.dll.diff exists unchanged, skipping
2019-10-09 13:10:01> DeltaPackageBuilder: lib\net45\api-ms-win-core-rtlsupport-l1-1-0.dll.diff exists unchanged, skipping
2019-10-09 13:10:01> DeltaPackageBuilder: lib\net45\api-ms-win-core-string-l1-1-0.dll.diff exists unchanged, skipping
2019-10-09 13:10:01> DeltaPackageBuilder: lib\net45\api-ms-win-core-synch-l1-1-0.dll.diff exists unchanged, skipping
2019-10-09 13:10:01> DeltaPackageBuilder: lib\net45\api-ms-win-core-synch-l1-2-0.dll.diff exists unchanged, skipping
2019-10-09 13:10:01> DeltaPackageBuilder: lib\net45\api-ms-win-core-sysinfo-l1-1-0.dll.diff exists unchanged, skipping
2019-10-09 13:10:01> DeltaPackageBuilder: lib\net45\api-ms-win-core-timezone-l1-1-0.dll.diff exists unchanged, skipping
2019-10-09 13:10:01> DeltaPackageBuilder: lib\net45\api-ms-win-core-util-l1-1-0.dll.diff exists unchanged, skipping
2019-10-09 13:10:01> DeltaPackageBuilder: lib\net45\api-ms-win-crt-conio-l1-1-0.dll.diff exists unchanged, skipping
2019-10-09 13:10:01> DeltaPackageBuilder: lib\net45\api-ms-win-crt-convert-l1-1-0.dll.diff exists unchanged, skipping
2019-10-09 13:10:01> DeltaPackageBuilder: lib\net45\api-ms-win-crt-environment-l1-1-0.dll.diff exists unchanged, skipping
2019-10-09 13:10:01> DeltaPackageBuilder: lib\net45\api-ms-win-crt-filesystem-l1-1-0.dll.diff exists unchanged, skipping
2019-10-09 13:10:01> DeltaPackageBuilder: lib\net45\api-ms-win-crt-heap-l1-1-0.dll.diff exists unchanged, skipping
2019-10-09 13:10:01> DeltaPackageBuilder: lib\net45\api-ms-win-crt-locale-l1-1-0.dll.diff exists unchanged, skipping
2019-10-09 13:10:01> DeltaPackageBuilder: lib\net45\api-ms-win-crt-math-l1-1-0.dll.diff exists unchanged, skipping
2019-10-09 13:10:01> DeltaPackageBuilder: lib\net45\api-ms-win-crt-multibyte-l1-1-0.dll.diff exists unchanged, skipping
2019-10-09 13:10:01> DeltaPackageBuilder: lib\net45\api-ms-win-crt-private-l1-1-0.dll.diff exists unchanged, skipping
2019-10-09 13:10:01> DeltaPackageBuilder: lib\net45\api-ms-win-crt-process-l1-1-0.dll.diff exists unchanged, skipping
2019-10-09 13:10:01> DeltaPackageBuilder: lib\net45\api-ms-win-crt-runtime-l1-1-0.dll.diff exists unchanged, skipping
2019-10-09 13:10:01> DeltaPackageBuilder: lib\net45\api-ms-win-crt-stdio-l1-1-0.dll.diff exists unchanged, skipping
2019-10-09 13:10:01> DeltaPackageBuilder: lib\net45\api-ms-win-crt-string-l1-1-0.dll.diff exists unchanged, skipping
2019-10-09 13:10:01> DeltaPackageBuilder: lib\net45\api-ms-win-crt-time-l1-1-0.dll.diff exists unchanged, skipping
2019-10-09 13:10:01> DeltaPackageBuilder: lib\net45\api-ms-win-crt-utility-l1-1-0.dll.diff exists unchanged, skipping
2019-10-09 13:10:01> DeltaPackageBuilder: lib\net45\blink_image_resources_200_percent.pak.diff exists unchanged, skipping
2019-10-09 13:10:01> DeltaPackageBuilder: lib\net45\content_resources_200_percent.pak.diff exists unchanged, skipping
2019-10-09 13:10:01> DeltaPackageBuilder: lib\net45\content_shell.pak.diff exists unchanged, skipping
2019-10-09 13:10:01> DeltaPackageBuilder: lib\net45\d3dcompiler_47.dll.diff exists unchanged, skipping
2019-10-09 13:10:01> DeltaPackageBuilder: Applying MSDiff to lib\net45\ffmpeg.dll.diff
2019-10-09 13:10:01> DeltaPackageBuilder: lib\net45\icudtl.dat.diff exists unchanged, skipping
2019-10-09 13:10:01> DeltaPackageBuilder: Applying MSDiff to lib\net45\libEGL.dll.diff
2019-10-09 13:10:01> DeltaPackageBuilder: Applying MSDiff to lib\net45\libGLESv2.dll.diff
2019-10-09 13:10:01> DeltaPackageBuilder: lib\net45\LICENSE.diff exists unchanged, skipping
2019-10-09 13:10:01> DeltaPackageBuilder: lib\net45\msvcp140.dll.diff exists unchanged, skipping
2019-10-09 13:10:01> DeltaPackageBuilder: lib\net45\natives_blob.bin.diff exists unchanged, skipping
2019-10-09 13:10:01> DeltaPackageBuilder: Applying MSDiff to lib\net45\node.dll.diff
2019-10-09 13:10:02> DeltaPackageBuilder: Applying BSDiff to lib\net45\Postman.exe.bsdiff
2019-10-09 13:10:05> DeltaPackageBuilder: Applying MSDiff to lib\net45\Postman_ExecutionStub.exe.diff
2019-10-09 13:10:05> DeltaPackageBuilder: Applying MSDiff to lib\net45\squirrel.exe.diff
2019-10-09 13:10:05> DeltaPackageBuilder: lib\net45\ucrtbase.dll.diff exists unchanged, skipping
2019-10-09 13:10:05> DeltaPackageBuilder: lib\net45\ui_resources_200_percent.pak.diff exists unchanged, skipping
2019-10-09 13:10:05> DeltaPackageBuilder: lib\net45\v8_context_snapshot.bin.diff exists unchanged, skipping
2019-10-09 13:10:05> DeltaPackageBuilder: lib\net45\vcruntime140.dll.diff exists unchanged, skipping
2019-10-09 13:10:05> DeltaPackageBuilder: lib\net45\views_resources_200_percent.pak.diff exists unchanged, skipping
2019-10-09 13:10:05> DeltaPackageBuilder: lib\net45\locales\am.pak.diff exists unchanged, skipping
2019-10-09 13:10:05> DeltaPackageBuilder: lib\net45\locales\ar.pak.diff exists unchanged, skipping
2019-10-09 13:10:05> DeltaPackageBuilder: lib\net45\locales\bg.pak.diff exists unchanged, skipping
2019-10-09 13:10:05> DeltaPackageBuilder: lib\net45\locales\bn.pak.diff exists unchanged, skipping
2019-10-09 13:10:05> DeltaPackageBuilder: lib\net45\locales\ca.pak.diff exists unchanged, skipping
2019-10-09 13:10:05> DeltaPackageBuilder: lib\net45\locales\cs.pak.diff exists unchanged, skipping
2019-10-09 13:10:05> DeltaPackageBuilder: lib\net45\locales\da.pak.diff exists unchanged, skipping
2019-10-09 13:10:05> DeltaPackageBuilder: lib\net45\locales\de.pak.diff exists unchanged, skipping
2019-10-09 13:10:05> DeltaPackageBuilder: lib\net45\locales\el.pak.diff exists unchanged, skipping
2019-10-09 13:10:05> DeltaPackageBuilder: lib\net45\locales\en-GB.pak.diff exists unchanged, skipping
2019-10-09 13:10:05> DeltaPackageBuilder: lib\net45\locales\en-US.pak.diff exists unchanged, skipping
2019-10-09 13:10:05> DeltaPackageBuilder: lib\net45\locales\es-419.pak.diff exists unchanged, skipping
2019-10-09 13:10:05> DeltaPackageBuilder: lib\net45\locales\es.pak.diff exists unchanged, skipping
2019-10-09 13:10:05> DeltaPackageBuilder: lib\net45\locales\et.pak.diff exists unchanged, skipping
2019-10-09 13:10:05> DeltaPackageBuilder: lib\net45\locales\fa.pak.diff exists unchanged, skipping
2019-10-09 13:10:05> DeltaPackageBuilder: lib\net45\locales\fake-bidi.pak.diff exists unchanged, skipping
2019-10-09 13:10:05> DeltaPackageBuilder: lib\net45\locales\fi.pak.diff exists unchanged, skipping
2019-10-09 13:10:05> DeltaPackageBuilder: lib\net45\locales\fil.pak.diff exists unchanged, skipping
2019-10-09 13:10:05> DeltaPackageBuilder: lib\net45\locales\fr.pak.diff exists unchanged, skipping
2019-10-09 13:10:05> DeltaPackageBuilder: lib\net45\locales\gu.pak.diff exists unchanged, skipping
2019-10-09 13:10:05> DeltaPackageBuilder: lib\net45\locales\he.pak.diff exists unchanged, skipping
2019-10-09 13:10:05> DeltaPackageBuilder: lib\net45\locales\hi.pak.diff exists unchanged, skipping
2019-10-09 13:10:05> DeltaPackageBuilder: lib\net45\locales\hr.pak.diff exists unchanged, skipping
2019-10-09 13:10:05> DeltaPackageBuilder: lib\net45\locales\hu.pak.diff exists unchanged, skipping
2019-10-09 13:10:05> DeltaPackageBuilder: lib\net45\locales\id.pak.diff exists unchanged, skipping
2019-10-09 13:10:05> DeltaPackageBuilder: lib\net45\locales\it.pak.diff exists unchanged, skipping
2019-10-09 13:10:05> DeltaPackageBuilder: lib\net45\locales\ja.pak.diff exists unchanged, skipping
2019-10-09 13:10:05> DeltaPackageBuilder: lib\net45\locales\kn.pak.diff exists unchanged, skipping
2019-10-09 13:10:05> DeltaPackageBuilder: lib\net45\locales\ko.pak.diff exists unchanged, skipping
2019-10-09 13:10:05> DeltaPackageBuilder: lib\net45\locales\lt.pak.diff exists unchanged, skipping
2019-10-09 13:10:05> DeltaPackageBuilder: lib\net45\locales\lv.pak.diff exists unchanged, skipping
2019-10-09 13:10:05> DeltaPackageBuilder: lib\net45\locales\ml.pak.diff exists unchanged, skipping
2019-10-09 13:10:05> DeltaPackageBuilder: lib\net45\locales\mr.pak.diff exists unchanged, skipping
2019-10-09 13:10:05> DeltaPackageBuilder: lib\net45\locales\ms.pak.diff exists unchanged, skipping
2019-10-09 13:10:05> DeltaPackageBuilder: lib\net45\locales\nb.pak.diff exists unchanged, skipping
2019-10-09 13:10:05> DeltaPackageBuilder: lib\net45\locales\nl.pak.diff exists unchanged, skipping
2019-10-09 13:10:05> DeltaPackageBuilder: lib\net45\locales\pl.pak.diff exists unchanged, skipping
2019-10-09 13:10:05> DeltaPackageBuilder: lib\net45\locales\pt-BR.pak.diff exists unchanged, skipping
2019-10-09 13:10:05> DeltaPackageBuilder: lib\net45\locales\pt-PT.pak.diff exists unchanged, skipping
2019-10-09 13:10:05> DeltaPackageBuilder: lib\net45\locales\ro.pak.diff exists unchanged, skipping
2019-10-09 13:10:05> DeltaPackageBuilder: lib\net45\locales\ru.pak.diff exists unchanged, skipping
2019-10-09 13:10:05> DeltaPackageBuilder: lib\net45\locales\sk.pak.diff exists unchanged, skipping
2019-10-09 13:10:05> DeltaPackageBuilder: lib\net45\locales\sl.pak.diff exists unchanged, skipping
2019-10-09 13:10:05> DeltaPackageBuilder: lib\net45\locales\sr.pak.diff exists unchanged, skipping
2019-10-09 13:10:05> DeltaPackageBuilder: lib\net45\locales\sv.pak.diff exists unchanged, skipping
2019-10-09 13:10:05> DeltaPackageBuilder: lib\net45\locales\sw.pak.diff exists unchanged, skipping
2019-10-09 13:10:05> DeltaPackageBuilder: lib\net45\locales\ta.pak.diff exists unchanged, skipping
2019-10-09 13:10:05> DeltaPackageBuilder: lib\net45\locales\te.pak.diff exists unchanged, skipping
2019-10-09 13:10:05> DeltaPackageBuilder: lib\net45\locales\th.pak.diff exists unchanged, skipping
2019-10-09 13:10:05> DeltaPackageBuilder: lib\net45\locales\tr.pak.diff exists unchanged, skipping
2019-10-09 13:10:05> DeltaPackageBuilder: lib\net45\locales\uk.pak.diff exists unchanged, skipping
2019-10-09 13:10:05> DeltaPackageBuilder: lib\net45\locales\vi.pak.diff exists unchanged, skipping
2019-10-09 13:10:05> DeltaPackageBuilder: lib\net45\locales\zh-CN.pak.diff exists unchanged, skipping
2019-10-09 13:10:05> DeltaPackageBuilder: lib\net45\locales\zh-TW.pak.diff exists unchanged, skipping
2019-10-09 13:10:05> DeltaPackageBuilder: Adding new file: lib\net45\resources\app.asar
2019-10-09 13:10:06> DeltaPackageBuilder: lib\net45\resources\electron.asar.diff exists unchanged, skipping
2019-10-09 13:10:06> DeltaPackageBuilder: Updating metadata file: Postman.nuspec
2019-10-09 13:10:06> DeltaPackageBuilder: Updating metadata file: [Content_Types].xml
2019-10-09 13:10:06> DeltaPackageBuilder: Updating metadata file: package\services\metadata\core-properties\319c7de944804c76a8409ee59a00c98a.psmdcp
2019-10-09 13:10:06> DeltaPackageBuilder: Updating metadata file: _rels\.rels
2019-10-09 13:10:06> DeltaPackageBuilder: Repacking into full package: C:\Users\George Spooner\AppData\Local\Postman\packages\Postman-win64-7.8.0.nupkg
2019-10-09 13:10:44> ApplyReleasesImpl: Writing files to app directory: C:\Users\George Spooner\AppData\Local\Postman\app-7.8.0
2019-10-09 13:10:52> LogHost: Rigging execution stub for Postman_ExecutionStub.exe to C:\Users\George Spooner\AppData\Local\Postman\Postman.exe
2019-10-09 13:11:01> ApplyReleasesImpl: Squirrel Enabled Apps: [C:\Users\George Spooner\AppData\Local\Postman\app-7.8.0\Postman.exe]
2019-10-09 13:11:16> ApplyReleasesImpl: Couldn't run Squirrel hook, continuing: C:\Users\George Spooner\AppData\Local\Postman\app-7.8.0\Postman.exe: System.OperationCanceledException: The operation was canceled.
   at System.Threading.CancellationToken.ThrowOperationCanceledException()
   at Squirrel.Utility.<>c__DisplayClass11_0.<InvokeProcessAsync>b__0()
   at System.Threading.Tasks.Task.InnerInvoke()
   at System.Threading.Tasks.Task.Execute()
--- End of stack trace from previous location where exception was thrown ---
   at System.Runtime.CompilerServices.TaskAwaiter.ThrowForNonSuccess(Task task)
   at System.Runtime.CompilerServices.TaskAwaiter.HandleNonSuccessAndDebuggerNotification(Task task)
   at Squirrel.Utility.<InvokeProcessAsync>d__11.MoveNext()
--- End of stack trace from previous location where exception was thrown ---
   at System.Runtime.CompilerServices.TaskAwaiter.ThrowForNonSuccess(Task task)
   at System.Runtime.CompilerServices.TaskAwaiter.HandleNonSuccessAndDebuggerNotification(Task task)
   at Squirrel.UpdateManager.ApplyReleasesImpl.<>c__DisplayClass10_0.<<invokePostInstall>b__0>d.MoveNext()
2019-10-09 13:11:16> ApplyReleasesImpl: Starting fixPinnedExecutables
2019-10-09 13:11:16> ApplyReleasesImpl: Examining Pin: Registry Editor.lnk
2019-10-09 13:11:16> ApplyReleasesImpl: Examining Pin: Visual Studio 2019.lnk
2019-10-09 13:11:16> ApplyReleasesImpl: Examining Pin: Windows Explorer.lnk
2019-10-09 13:11:16> ApplyReleasesImpl: Fixing up tray icons
2019-10-09 13:11:16> ApplyReleasesImpl: cleanDeadVersions: for version 7.8.0
2019-10-09 13:11:16> ApplyReleasesImpl: cleanDeadVersions: exclude folder app-7.7.3
2019-10-09 13:11:16> ApplyReleasesImpl: cleanDeadVersions: exclude folder app-7.8.0
2019-10-09 13:11:28> ApplyReleasesImpl: Coudln't run Squirrel hook, continuing: C:\Users\George Spooner\AppData\Local\Postman\app-7.1.1\Postman.exe: System.OperationCanceledException: The operation was canceled.
   at System.Threading.CancellationToken.ThrowOperationCanceledException()
   at Squirrel.Utility.<>c__DisplayClass11_0.<InvokeProcessAsync>b__0()
   at System.Threading.Tasks.Task.InnerInvoke()
   at System.Threading.Tasks.Task.Execute()
--- End of stack trace from previous location where exception was thrown ---
   at System.Runtime.CompilerServices.TaskAwaiter.ThrowForNonSuccess(Task task)
   at System.Runtime.CompilerServices.TaskAwaiter.HandleNonSuccessAndDebuggerNotification(Task task)
   at Squirrel.Utility.<InvokeProcessAsync>d__11.MoveNext()
--- End of stack trace from previous location where exception was thrown ---
   at System.Runtime.CompilerServices.TaskAwaiter.ThrowForNonSuccess(Task task)
   at System.Runtime.CompilerServices.TaskAwaiter.HandleNonSuccessAndDebuggerNotification(Task task)
   at Squirrel.UpdateManager.ApplyReleasesImpl.<>c__DisplayClass14_1.<<cleanDeadVersions>b__7>d.MoveNext()
2019-10-09 13:11:29> InstallHelperImpl: Couldn't write uninstall icon, don't care: System.Net.WebException: Could not find a part of the path 'C:\Users\Administrator\buildkite-agent\builds\pm-build\postman\app-package-and-deploy\resources\postman-prod.ico'. ---> System.Net.WebException: Could not find a part of the path 'C:\Users\Administrator\buildkite-agent\builds\pm-build\postman\app-package-and-deploy\resources\postman-prod.ico'. ---> System.IO.DirectoryNotFoundException: Could not find a part of the path 'C:\Users\Administrator\buildkite-agent\builds\pm-build\postman\app-package-and-deploy\resources\postman-prod.ico'.
   at System.IO.__Error.WinIOError(Int32 errorCode, String maybeFullPath)
   at System.IO.FileStream.Init(String path, FileMode mode, FileAccess access, Int32 rights, Boolean useRights, FileShare share, Int32 bufferSize, FileOptions options, SECURITY_ATTRIBUTES secAttrs, String msgPath, Boolean bFromProxy, Boolean useLongPath, Boolean checkHost)
   at System.IO.FileStream..ctor(String path, FileMode mode, FileAccess access, FileShare share, Int32 bufferSize, FileOptions options, String msgPath, Boolean bFromProxy)
   at System.Net.FileWebStream..ctor(FileWebRequest request, String path, FileMode mode, FileAccess access, FileShare sharing, Int32 length, Boolean async)
   at System.Net.FileWebResponse..ctor(FileWebRequest request, Uri uri, FileAccess access, Boolean asyncHint)
   --- End of inner exception stack trace ---
   at System.Net.FileWebResponse..ctor(FileWebRequest request, Uri uri, FileAccess access, Boolean asyncHint)
   at System.Net.FileWebRequest.GetResponseCallback(Object state)
   --- End of inner exception stack trace ---
   at System.Net.FileWebRequest.EndGetResponse(IAsyncResult asyncResult)
   at System.Net.WebClient.GetWebResponse(WebRequest request, IAsyncResult result)
   at System.Net.WebClient.DownloadBitsResponseCallback(IAsyncResult result)
--- End of stack trace from previous location where exception was thrown ---
   at System.Runtime.CompilerServices.TaskAwaiter.ThrowForNonSuccess(Task task)
   at System.Runtime.CompilerServices.TaskAwaiter.HandleNonSuccessAndDebuggerNotification(Task task)
   at System.Runtime.CompilerServices.TaskAwaiter.ValidateEnd(Task task)
   at Squirrel.UpdateManager.InstallHelperImpl.<CreateUninstallerRegistryEntry>d__5.MoveNext()
2019-11-21 10:21:54> Program: Starting Squirrel Updater: --createShortcut=Postman.exe --shortcut-locations=StartMenu,Desktop
2019-11-21 10:21:54> ApplyReleasesImpl: About to create shortcuts for Postman.exe, rootAppDir C:\Users\George Spooner\AppData\Local\Postman
2019-11-21 10:21:55> ApplyReleasesImpl: Creating shortcut for Postman.exe => \\NTFNVF01\George SPOONER$\Win7ProfileFolders\Start Menu\Programs\Postman\Postman.lnk
2019-11-21 10:21:56> ApplyReleasesImpl: About to save shortcut: \\NTFNVF01\George SPOONER$\Win7ProfileFolders\Start Menu\Programs\Postman\Postman.lnk (target C:\Users\George Spooner\AppData\Local\Postman\Postman.exe, workingDir C:\Users\George Spooner\AppData\Local\Postman\app-7.8.0, args , toastActivatorCSLID d56d0ae8-2c2a-5b45-bd3b-9973bc69da9e)
2019-11-21 10:21:56> ApplyReleasesImpl: Creating shortcut for Postman.exe => \\NTFNVF01\George SPOONER$\Win7ProfileFolders\Desktop\Postman.lnk
2019-11-21 10:21:56> ApplyReleasesImpl: About to save shortcut: \\NTFNVF01\George SPOONER$\Win7ProfileFolders\Desktop\Postman.lnk (target C:\Users\George Spooner\AppData\Local\Postman\Postman.exe, workingDir C:\Users\George Spooner\AppData\Local\Postman\app-7.8.0, args , toastActivatorCSLID d56d0ae8-2c2a-5b45-bd3b-9973bc69da9e)
2019-11-21 10:21:56> ApplyReleasesImpl: Examining Pin: Registry Editor.lnk
2019-11-21 10:21:56> ApplyReleasesImpl: Examining Pin: Visual Studio 2019.lnk
2019-11-21 10:21:56> ApplyReleasesImpl: Examining Pin: Windows Explorer.lnk
2019-11-21 10:22:00> Program: Starting Squirrel Updater: --checkForUpdate https://dl.pstmn.io/update/WIN64/7.8.0/stable?installationId=285ad095-4d3f-4679-a84d-442f878068d4&userId=0&syncEnabled=false&teamPlan=
2019-11-21 10:22:00> Program: Fetching update information, downloading from https://dl.pstmn.io/update/WIN64/7.8.0/stable?installationId=285ad095-4d3f-4679-a84d-442f878068d4&userId=0&syncEnabled=false&teamPlan=
2019-11-21 10:22:00> CheckForUpdateImpl: Using existing staging user ID: f0d20e09-ac70-5758-8fb2-6215324f39d1
2019-11-21 10:22:00> CheckForUpdateImpl: Downloading RELEASES file from https://dl.pstmn.io/update/WIN64/7.8.0/stable?installationId=285ad095-4d3f-4679-a84d-442f878068d4&userId=0&syncEnabled=false&teamPlan=
2019-11-21 10:22:01> FileDownloader: Downloading url: https://dl.pstmn.io/update/WIN64/7.8.0/stable/RELEASES?installationId=285ad095-4d3f-4679-a84d-442f878068d4&userId=0&syncEnabled=false&teamPlan=&id=Postman-win64&localVersion=7.8.0&arch=amd64
2019-11-21 10:22:02> UpdateInfo: Couldn't get release notes for:Postman-win64-7.12.0-full.nupkg: System.IO.FileNotFoundException: Could not find file 'C:\Users\George Spooner\AppData\Local\Postman\packages\Postman-win64-7.12.0-full.nupkg'.
File name: 'C:\Users\George Spooner\AppData\Local\Postman\packages\Postman-win64-7.12.0-full.nupkg'
   at System.IO.__Error.WinIOError(Int32 errorCode, String maybeFullPath)
   at System.IO.FileStream.Init(String path, FileMode mode, FileAccess access, Int32 rights, Boolean useRights, FileShare share, Int32 bufferSize, FileOptions options, SECURITY_ATTRIBUTES secAttrs, String msgPath, Boolean bFromProxy, Boolean useLongPath, Boolean checkHost)
   at System.IO.FileStream..ctor(String path, FileMode mode, FileAccess access, FileShare share)
   at NuGet.ZipPackage.<>c__DisplayClass9_0.<.ctor>b__0()
   at NuGet.ZipPackage.EnsureManifest()
   at NuGet.ZipPackage..ctor(String filePath, Boolean enableCaching)
   at Squirrel.ReleaseEntry.GetReleaseNotes(String packageDirectory)
   at Squirrel.UpdateInfo.<FetchReleaseNotes>b__19_0(ReleaseEntry x)
2019-11-21 10:22:03> Program: Starting Squirrel Updater: --update https://dl.pstmn.io/update/WIN64/7.8.0/stable?installationId=285ad095-4d3f-4679-a84d-442f878068d4&userId=0&syncEnabled=false&teamPlan=
2019-11-21 10:22:03> Program: Starting update, downloading from https://dl.pstmn.io/update/WIN64/7.8.0/stable?installationId=285ad095-4d3f-4679-a84d-442f878068d4&userId=0&syncEnabled=false&teamPlan=
2019-11-21 10:22:03> Program: About to update to: C:\Users\George Spooner\AppData\Local\Postman
2019-11-21 10:22:03> CheckForUpdateImpl: Using existing staging user ID: f0d20e09-ac70-5758-8fb2-6215324f39d1
2019-11-21 10:22:03> CheckForUpdateImpl: Downloading RELEASES file from https://dl.pstmn.io/update/WIN64/7.8.0/stable?installationId=285ad095-4d3f-4679-a84d-442f878068d4&userId=0&syncEnabled=false&teamPlan=
2019-11-21 10:22:03> FileDownloader: Downloading url: https://dl.pstmn.io/update/WIN64/7.8.0/stable/RELEASES?installationId=285ad095-4d3f-4679-a84d-442f878068d4&userId=0&syncEnabled=false&teamPlan=&id=Postman-win64&localVersion=7.8.0&arch=amd64
2019-11-21 10:22:04> FileDownloader: Downloading file: https://dl.pstmn.io/download/7.12.0/Postman-win64-7.12.0-full.nupkg
2019-11-21 10:22:09> ApplyReleasesImpl: Writing files to app directory: C:\Users\George Spooner\AppData\Local\Postman\app-7.12.0
2019-11-21 10:22:14> LogHost: Rigging execution stub for Postman_ExecutionStub.exe to C:\Users\George Spooner\AppData\Local\Postman\Postman.exe
2019-11-21 10:22:25> ApplyReleasesImpl: Squirrel Enabled Apps: [C:\Users\George Spooner\AppData\Local\Postman\app-7.12.0\Postman.exe]
2019-11-21 10:22:44> ApplyReleasesImpl: Couldn't run Squirrel hook, continuing: C:\Users\George Spooner\AppData\Local\Postman\app-7.12.0\Postman.exe: System.OperationCanceledException: The operation was canceled.
   at System.Threading.CancellationToken.ThrowOperationCanceledException()
   at Squirrel.Utility.<>c__DisplayClass11_0.<InvokeProcessAsync>b__0()
   at System.Threading.Tasks.Task.InnerInvoke()
   at System.Threading.Tasks.Task.Execute()
--- End of stack trace from previous location where exception was thrown ---
   at System.Runtime.CompilerServices.TaskAwaiter.ThrowForNonSuccess(Task task)
   at System.Runtime.CompilerServices.TaskAwaiter.HandleNonSuccessAndDebuggerNotification(Task task)
   at Squirrel.Utility.<InvokeProcessAsync>d__11.MoveNext()
--- End of stack trace from previous location where exception was thrown ---
   at System.Runtime.CompilerServices.TaskAwaiter.ThrowForNonSuccess(Task task)
   at System.Runtime.CompilerServices.TaskAwaiter.HandleNonSuccessAndDebuggerNotification(Task task)
   at Squirrel.UpdateManager.ApplyReleasesImpl.<>c__DisplayClass10_0.<<invokePostInstall>b__0>d.MoveNext()
2019-11-21 10:22:44> ApplyReleasesImpl: Starting fixPinnedExecutables
2019-11-21 10:22:44> ApplyReleasesImpl: Examining Pin: Registry Editor.lnk
2019-11-21 10:22:45> ApplyReleasesImpl: Examining Pin: Visual Studio 2019.lnk
2019-11-21 10:22:45> ApplyReleasesImpl: Examining Pin: Windows Explorer.lnk
2019-11-21 10:22:45> ApplyReleasesImpl: Fixing up tray icons
2019-11-21 10:22:45> ApplyReleasesImpl: cleanDeadVersions: for version 7.12.0
2019-11-21 10:22:45> ApplyReleasesImpl: cleanDeadVersions: exclude folder app-7.8.0
2019-11-21 10:22:45> ApplyReleasesImpl: cleanDeadVersions: exclude folder app-7.12.0
2019-11-21 10:22:56> ApplyReleasesImpl: Coudln't run Squirrel hook, continuing: C:\Users\George Spooner\AppData\Local\Postman\app-7.7.3\Postman.exe: System.OperationCanceledException: The operation was canceled.
   at System.Threading.CancellationToken.ThrowOperationCanceledException()
   at Squirrel.Utility.<>c__DisplayClass11_0.<InvokeProcessAsync>b__0()
   at System.Threading.Tasks.Task.InnerInvoke()
   at System.Threading.Tasks.Task.Execute()
--- End of stack trace from previous location where exception was thrown ---
   at System.Runtime.CompilerServices.TaskAwaiter.ThrowForNonSuccess(Task task)
   at System.Runtime.CompilerServices.TaskAwaiter.HandleNonSuccessAndDebuggerNotification(Task task)
   at Squirrel.Utility.<InvokeProcessAsync>d__11.MoveNext()
--- End of stack trace from previous location where exception was thrown ---
   at System.Runtime.CompilerServices.TaskAwaiter.ThrowForNonSuccess(Task task)
   at System.Runtime.CompilerServices.TaskAwaiter.HandleNonSuccessAndDebuggerNotification(Task task)
   at Squirrel.UpdateManager.ApplyReleasesImpl.<>c__DisplayClass14_1.<<cleanDeadVersions>b__7>d.MoveNext()
2019-11-21 10:22:57> InstallHelperImpl: Couldn't write uninstall icon, don't care: System.Net.WebException: Could not find a part of the path 'C:\Users\Administrator\buildkite-agent\builds\pm-build\postman\app-package-and-deploy\resources\postman-prod.ico'. ---> System.Net.WebException: Could not find a part of the path 'C:\Users\Administrator\buildkite-agent\builds\pm-build\postman\app-package-and-deploy\resources\postman-prod.ico'. ---> System.IO.DirectoryNotFoundException: Could not find a part of the path 'C:\Users\Administrator\buildkite-agent\builds\pm-build\postman\app-package-and-deploy\resources\postman-prod.ico'.
   at System.IO.__Error.WinIOError(Int32 errorCode, String maybeFullPath)
   at System.IO.FileStream.Init(String path, FileMode mode, FileAccess access, Int32 rights, Boolean useRights, FileShare share, Int32 bufferSize, FileOptions options, SECURITY_ATTRIBUTES secAttrs, String msgPath, Boolean bFromProxy, Boolean useLongPath, Boolean checkHost)
   at System.IO.FileStream..ctor(String path, FileMode mode, FileAccess access, FileShare share, Int32 bufferSize, FileOptions options, String msgPath, Boolean bFromProxy)
   at System.Net.FileWebStream..ctor(FileWebRequest request, String path, FileMode mode, FileAccess access, FileShare sharing, Int32 length, Boolean async)
   at System.Net.FileWebResponse..ctor(FileWebRequest request, Uri uri, FileAccess access, Boolean asyncHint)
   --- End of inner exception stack trace ---
   at System.Net.FileWebResponse..ctor(FileWebRequest request, Uri uri, FileAccess access, Boolean asyncHint)
   at System.Net.FileWebRequest.GetResponseCallback(Object state)
   --- End of inner exception stack trace ---
   at System.Net.FileWebRequest.EndGetResponse(IAsyncResult asyncResult)
   at System.Net.WebClient.GetWebResponse(WebRequest request, IAsyncResult result)
   at System.Net.WebClient.DownloadBitsResponseCallback(IAsyncResult result)
--- End of stack trace from previous location where exception was thrown ---
   at System.Runtime.CompilerServices.TaskAwaiter.ThrowForNonSuccess(Task task)
   at System.Runtime.CompilerServices.TaskAwaiter.HandleNonSuccessAndDebuggerNotification(Task task)
   at System.Runtime.CompilerServices.TaskAwaiter.ValidateEnd(Task task)
   at Squirrel.UpdateManager.InstallHelperImpl.<CreateUninstallerRegistryEntry>d__5.MoveNext()
